mode: set
github.com/korjavin/dutyassistant/internal/http/server.go:15.79,34.49 6 0
github.com/korjavin/dutyassistant/internal/http/server.go:34.49,38.42 2 0
github.com/korjavin/dutyassistant/internal/http/server.go:38.42,40.4 1 0
github.com/korjavin/dutyassistant/internal/http/server.go:40.9,42.4 1 0
github.com/korjavin/dutyassistant/internal/http/server.go:43.3,43.11 1 0
github.com/korjavin/dutyassistant/internal/http/server.go:47.2,49.2 3 0
github.com/korjavin/dutyassistant/internal/http/server.go:49.2,53.3 3 0
github.com/korjavin/dutyassistant/internal/http/server.go:56.2,56.39 1 0
github.com/korjavin/dutyassistant/internal/http/server.go:56.39,59.3 2 0
github.com/korjavin/dutyassistant/internal/http/server.go:60.2,76.2 10 0
github.com/korjavin/dutyassistant/internal/http/server.go:76.2,86.3 7 0
github.com/korjavin/dutyassistant/internal/http/server.go:86.3,88.4 1 0
github.com/korjavin/dutyassistant/internal/http/server.go:91.3,93.3 3 0
github.com/korjavin/dutyassistant/internal/http/server.go:93.3,97.4 3 0
github.com/korjavin/dutyassistant/internal/http/server.go:102.2,105.15 3 0
github.com/korjavin/dutyassistant/internal/store/mocks/store.go:18.93,20.24 2 0
github.com/korjavin/dutyassistant/internal/store/mocks/store.go:20.24,22.3 1 0
github.com/korjavin/dutyassistant/internal/store/mocks/store.go:23.2,23.49 1 0
github.com/korjavin/dutyassistant/internal/store/mocks/store.go:27.81,29.24 2 0
github.com/korjavin/dutyassistant/internal/store/mocks/store.go:29.24,31.3 1 0
github.com/korjavin/dutyassistant/internal/store/mocks/store.go:32.2,32.51 1 0
github.com/korjavin/dutyassistant/internal/store/mocks/store.go:36.78,38.24 2 0
github.com/korjavin/dutyassistant/internal/store/mocks/store.go:38.24,40.3 1 0
github.com/korjavin/dutyassistant/internal/store/mocks/store.go:41.2,41.51 1 0
github.com/korjavin/dutyassistant/internal/store/mocks/store.go:45.77,48.2 2 0
github.com/korjavin/dutyassistant/internal/store/mocks/store.go:51.77,54.2 2 0
github.com/korjavin/dutyassistant/internal/store/mocks/store.go:57.77,60.2 2 0
github.com/korjavin/dutyassistant/internal/store/mocks/store.go:63.93,65.24 2 0
github.com/korjavin/dutyassistant/internal/store/mocks/store.go:65.24,67.3 1 0
github.com/korjavin/dutyassistant/internal/store/mocks/store.go:68.2,68.49 1 0
github.com/korjavin/dutyassistant/internal/store/mocks/store.go:72.110,74.24 2 0
github.com/korjavin/dutyassistant/internal/store/mocks/store.go:74.24,76.3 1 0
github.com/korjavin/dutyassistant/internal/store/mocks/store.go:77.2,77.51 1 0
github.com/korjavin/dutyassistant/internal/store/mocks/store.go:81.97,83.24 2 0
github.com/korjavin/dutyassistant/internal/store/mocks/store.go:83.24,85.3 1 0
github.com/korjavin/dutyassistant/internal/store/mocks/store.go:86.2,86.51 1 0
github.com/korjavin/dutyassistant/internal/store/mocks/store.go:90.77,93.2 2 0
github.com/korjavin/dutyassistant/internal/store/mocks/store.go:96.75,99.2 2 0
github.com/korjavin/dutyassistant/internal/store/mocks/store.go:102.90,104.24 2 0
github.com/korjavin/dutyassistant/internal/store/mocks/store.go:104.24,106.3 1 0
github.com/korjavin/dutyassistant/internal/store/mocks/store.go:107.2,107.49 1 0
github.com/korjavin/dutyassistant/internal/store/mocks/store.go:111.95,113.24 2 0
github.com/korjavin/dutyassistant/internal/store/mocks/store.go:113.24,115.3 1 0
github.com/korjavin/dutyassistant/internal/store/mocks/store.go:116.2,116.54 1 0
github.com/korjavin/dutyassistant/internal/store/mocks/store.go:120.77,123.2 2 0
github.com/korjavin/dutyassistant/internal/store/mocks/store.go:126.77,128.24 2 0
github.com/korjavin/dutyassistant/internal/store/mocks/store.go:128.24,130.3 1 0
github.com/korjavin/dutyassistant/internal/store/mocks/store.go:131.2,131.49 1 0
github.com/korjavin/dutyassistant/internal/store/mocks/store.go:135.75,137.24 2 0
github.com/korjavin/dutyassistant/internal/store/mocks/store.go:137.24,139.3 1 0
github.com/korjavin/dutyassistant/internal/store/mocks/store.go:140.2,140.49 1 0
github.com/korjavin/dutyassistant/internal/store/mocks/store.go:144.113,146.24 2 0
github.com/korjavin/dutyassistant/internal/store/mocks/store.go:146.24,148.3 1 0
github.com/korjavin/dutyassistant/internal/store/mocks/store.go:149.2,149.51 1 0
github.com/korjavin/dutyassistant/internal/store/mocks/store.go:153.92,156.2 2 0
github.com/korjavin/dutyassistant/internal/store/mocks/store.go:159.88,162.2 2 0
github.com/korjavin/dutyassistant/internal/store/mocks/store.go:165.86,168.2 2 0
github.com/korjavin/dutyassistant/internal/store/mocks/store.go:171.82,174.2 2 0
github.com/korjavin/dutyassistant/internal/store/mocks/store.go:177.89,180.2 2 0
github.com/korjavin/dutyassistant/internal/store/mocks/store.go:183.92,185.24 2 0
github.com/korjavin/dutyassistant/internal/store/mocks/store.go:185.24,187.3 1 0
github.com/korjavin/dutyassistant/internal/store/mocks/store.go:188.2,188.51 1 0
github.com/korjavin/dutyassistant/internal/store/mocks/store.go:192.88,194.24 2 0
github.com/korjavin/dutyassistant/internal/store/mocks/store.go:194.24,196.3 1 0
github.com/korjavin/dutyassistant/internal/store/mocks/store.go:197.2,197.51 1 0
github.com/korjavin/dutyassistant/internal/store/mocks/store.go:201.95,204.2 2 0
github.com/korjavin/dutyassistant/internal/store/mocks/store.go:207.75,210.2 2 0
github.com/korjavin/dutyassistant/internal/store/mocks/store.go:213.100,216.2 2 0
github.com/korjavin/dutyassistant/internal/store/mocks/store.go:219.97,221.24 2 0
github.com/korjavin/dutyassistant/internal/store/mocks/store.go:221.24,223.3 1 0
github.com/korjavin/dutyassistant/internal/store/mocks/store.go:224.2,224.51 1 0
github.com/korjavin/dutyassistant/internal/store/mocks/store.go:228.78,231.2 2 0
github.com/korjavin/dutyassistant/internal/store/mocks/store.go:234.71,237.2 2 0
github.com/korjavin/dutyassistant/internal/store/mocks/store.go:239.80,242.2 2 0
github.com/korjavin/dutyassistant/internal/store/mocks/store.go:244.104,246.24 2 0
github.com/korjavin/dutyassistant/internal/store/mocks/store.go:246.24,248.3 1 0
github.com/korjavin/dutyassistant/internal/store/mocks/store.go:249.2,249.50 1 0
github.com/korjavin/dutyassistant/internal/store/mocks/store.go:252.82,254.24 2 0
github.com/korjavin/dutyassistant/internal/store/mocks/store.go:254.24,256.3 1 0
github.com/korjavin/dutyassistant/internal/store/mocks/store.go:257.2,257.52 1 0
github.com/korjavin/dutyassistant/internal/store/mocks/store.go:260.104,262.24 2 0
github.com/korjavin/dutyassistant/internal/store/mocks/store.go:262.24,264.3 1 0
github.com/korjavin/dutyassistant/internal/store/mocks/store.go:265.2,265.52 1 0
github.com/korjavin/dutyassistant/internal/store/mocks/store.go:268.83,270.24 2 0
github.com/korjavin/dutyassistant/internal/store/mocks/store.go:270.24,272.3 1 0
github.com/korjavin/dutyassistant/internal/store/mocks/store.go:273.2,273.52 1 0
github.com/korjavin/dutyassistant/internal/store/mocks/store.go:276.93,279.2 2 0
github.com/korjavin/dutyassistant/internal/store/mocks/store.go:281.101,283.24 2 0
github.com/korjavin/dutyassistant/internal/store/mocks/store.go:283.24,285.3 1 0
github.com/korjavin/dutyassistant/internal/store/mocks/store.go:286.2,286.56 1 0
github.com/korjavin/dutyassistant/internal/store/mocks/store.go:289.112,291.24 2 0
github.com/korjavin/dutyassistant/internal/store/mocks/store.go:291.24,293.3 1 0
github.com/korjavin/dutyassistant/internal/store/mocks/store.go:294.2,294.60 1 0
github.com/korjavin/dutyassistant/internal/store/mocks/store.go:297.112,299.24 2 0
github.com/korjavin/dutyassistant/internal/store/mocks/store.go:299.24,301.3 1 0
github.com/korjavin/dutyassistant/internal/store/mocks/store.go:302.2,302.62 1 0
github.com/korjavin/dutyassistant/internal/store/mocks/store.go:305.81,308.2 2 0
github.com/korjavin/dutyassistant/internal/store/mocks/store.go:310.86,312.24 2 0
github.com/korjavin/dutyassistant/internal/store/mocks/store.go:312.24,314.3 1 0
github.com/korjavin/dutyassistant/internal/store/mocks/store.go:315.2,315.50 1 0
github.com/korjavin/dutyassistant/internal/store/mocks/store.go:318.83,321.2 2 0
github.com/korjavin/dutyassistant/internal/store/mocks/store.go:323.84,326.2 2 0
github.com/korjavin/dutyassistant/internal/store/mocks/store.go:328.133,331.2 2 0
github.com/korjavin/dutyassistant/internal/store/mocks/store.go:333.90,335.24 2 0
github.com/korjavin/dutyassistant/internal/store/mocks/store.go:335.24,337.3 1 0
github.com/korjavin/dutyassistant/internal/store/mocks/store.go:338.2,338.51 1 0
github.com/korjavin/dutyassistant/internal/store/mocks/store.go:341.132,343.24 2 0
github.com/korjavin/dutyassistant/internal/store/mocks/store.go:343.24,345.3 1 0
github.com/korjavin/dutyassistant/internal/store/mocks/store.go:346.2,346.69 1 0
github.com/korjavin/dutyassistant/internal/store/mocks/store.go:349.140,351.24 2 0
github.com/korjavin/dutyassistant/internal/store/mocks/store.go:351.24,353.3 1 0
github.com/korjavin/dutyassistant/internal/store/mocks/store.go:354.2,354.70 1 0
github.com/korjavin/dutyassistant/internal/store/mocks/store.go:358.98,361.2 2 0
github.com/korjavin/dutyassistant/internal/store/mocks/store.go:364.101,366.24 2 0
github.com/korjavin/dutyassistant/internal/store/mocks/store.go:366.24,368.3 1 0
github.com/korjavin/dutyassistant/internal/store/mocks/store.go:369.2,369.59 1 0
github.com/korjavin/dutyassistant/internal/store/mocks/store.go:373.100,375.24 2 0
github.com/korjavin/dutyassistant/internal/store/mocks/store.go:375.24,377.3 1 0
github.com/korjavin/dutyassistant/internal/store/mocks/store.go:378.2,378.61 1 0
github.com/korjavin/dutyassistant/internal/store/mocks/store.go:382.115,384.24 2 0
github.com/korjavin/dutyassistant/internal/store/mocks/store.go:384.24,386.3 1 0
github.com/korjavin/dutyassistant/internal/store/mocks/store.go:387.2,387.61 1 0
github.com/korjavin/dutyassistant/internal/store/mocks/store.go:391.105,394.2 2 0
github.com/korjavin/dutyassistant/internal/store/mocks/store.go:397.79,400.2 2 0
github.com/korjavin/dutyassistant/internal/store/mocks/store.go:402.110,405.2 2 0
github.com/korjavin/dutyassistant/internal/mocks/scheduler.go:15.91,18.2 2 0
github.com/korjavin/dutyassistant/internal/mocks/scheduler.go:20.93,23.2 2 0
github.com/korjavin/dutyassistant/internal/mocks/scheduler.go:25.97,28.2 2 0
github.com/korjavin/dutyassistant/internal/mocks/scheduler.go:30.98,32.24 2 0
github.com/korjavin/dutyassistant/internal/mocks/scheduler.go:32.24,34.3 1 0
github.com/korjavin/dutyassistant/internal/mocks/scheduler.go:35.2,35.49 1 0
github.com/korjavin/dutyassistant/internal/mocks/scheduler.go:38.115,40.24 2 0
github.com/korjavin/dutyassistant/internal/mocks/scheduler.go:40.24,42.3 1 0
github.com/korjavin/dutyassistant/internal/mocks/scheduler.go:43.2,43.49 1 0
github.com/korjavin/dutyassistant/internal/mocks/scheduler.go:46.99,49.2 2 0
github.com/korjavin/dutyassistant/internal/mocks/scheduler.go:51.82,54.2 2 0
github.com/korjavin/dutyassistant/internal/mocks/scheduler.go:56.75,59.2 2 0
github.com/korjavin/dutyassistant/internal/mocks/scheduler.go:61.84,64.2 2 0
github.com/korjavin/dutyassistant/internal/mocks/store.go:16.77,19.2 2 0
github.com/korjavin/dutyassistant/internal/mocks/store.go:21.101,23.24 2 0
github.com/korjavin/dutyassistant/internal/mocks/store.go:23.24,25.3 1 0
github.com/korjavin/dutyassistant/internal/mocks/store.go:26.2,26.49 1 0
github.com/korjavin/dutyassistant/internal/mocks/store.go:29.90,31.24 2 0
github.com/korjavin/dutyassistant/internal/mocks/store.go:31.24,33.3 1 0
github.com/korjavin/dutyassistant/internal/mocks/store.go:34.2,34.49 1 0
github.com/korjavin/dutyassistant/internal/mocks/store.go:37.81,39.24 2 0
github.com/korjavin/dutyassistant/internal/mocks/store.go:39.24,41.3 1 0
github.com/korjavin/dutyassistant/internal/mocks/store.go:42.2,42.51 1 0
github.com/korjavin/dutyassistant/internal/mocks/store.go:45.78,47.24 2 0
github.com/korjavin/dutyassistant/internal/mocks/store.go:47.24,49.3 1 0
github.com/korjavin/dutyassistant/internal/mocks/store.go:50.2,50.51 1 0
github.com/korjavin/dutyassistant/internal/mocks/store.go:53.77,56.2 2 0
github.com/korjavin/dutyassistant/internal/mocks/store.go:58.95,60.24 2 0
github.com/korjavin/dutyassistant/internal/mocks/store.go:60.24,62.3 1 0
github.com/korjavin/dutyassistant/internal/mocks/store.go:63.2,63.54 1 0
github.com/korjavin/dutyassistant/internal/mocks/store.go:66.77,69.2 2 0
github.com/korjavin/dutyassistant/internal/mocks/store.go:71.93,73.24 2 0
github.com/korjavin/dutyassistant/internal/mocks/store.go:73.24,75.3 1 0
github.com/korjavin/dutyassistant/internal/mocks/store.go:76.2,76.49 1 0
github.com/korjavin/dutyassistant/internal/mocks/store.go:79.75,81.24 2 0
github.com/korjavin/dutyassistant/internal/mocks/store.go:81.24,83.3 1 0
github.com/korjavin/dutyassistant/internal/mocks/store.go:84.2,84.49 1 0
github.com/korjavin/dutyassistant/internal/mocks/store.go:87.110,89.24 2 0
github.com/korjavin/dutyassistant/internal/mocks/store.go:89.24,91.3 1 0
github.com/korjavin/dutyassistant/internal/mocks/store.go:92.2,92.51 1 0
github.com/korjavin/dutyassistant/internal/mocks/store.go:95.97,97.24 2 0
github.com/korjavin/dutyassistant/internal/mocks/store.go:97.24,99.3 1 0
github.com/korjavin/dutyassistant/internal/mocks/store.go:100.2,100.51 1 0
github.com/korjavin/dutyassistant/internal/mocks/store.go:103.77,106.2 2 0
github.com/korjavin/dutyassistant/internal/mocks/store.go:108.110,111.2 2 0
github.com/korjavin/dutyassistant/internal/mocks/store.go:113.75,116.2 2 0
github.com/korjavin/dutyassistant/internal/mocks/store.go:118.85,120.24 2 0
github.com/korjavin/dutyassistant/internal/mocks/store.go:120.24,122.3 1 0
github.com/korjavin/dutyassistant/internal/mocks/store.go:123.2,123.49 1 0
github.com/korjavin/dutyassistant/internal/mocks/store.go:126.111,129.2 2 0
github.com/korjavin/dutyassistant/internal/mocks/store.go:131.77,134.2 2 0
github.com/korjavin/dutyassistant/internal/mocks/store.go:136.77,138.24 2 0
github.com/korjavin/dutyassistant/internal/mocks/store.go:138.24,140.3 1 0
github.com/korjavin/dutyassistant/internal/mocks/store.go:141.2,141.49 1 0
github.com/korjavin/dutyassistant/internal/mocks/store.go:144.113,146.24 2 0
github.com/korjavin/dutyassistant/internal/mocks/store.go:146.24,148.3 1 0
github.com/korjavin/dutyassistant/internal/mocks/store.go:149.2,149.51 1 0
github.com/korjavin/dutyassistant/internal/mocks/store.go:152.92,155.2 2 0
github.com/korjavin/dutyassistant/internal/mocks/store.go:157.88,160.2 2 0
github.com/korjavin/dutyassistant/internal/mocks/store.go:162.86,165.2 2 0
github.com/korjavin/dutyassistant/internal/mocks/store.go:167.82,170.2 2 0
github.com/korjavin/dutyassistant/internal/mocks/store.go:172.89,175.2 2 0
github.com/korjavin/dutyassistant/internal/mocks/store.go:177.92,179.24 2 0
github.com/korjavin/dutyassistant/internal/mocks/store.go:179.24,181.3 1 0
github.com/korjavin/dutyassistant/internal/mocks/store.go:182.2,182.51 1 0
github.com/korjavin/dutyassistant/internal/mocks/store.go:185.88,187.24 2 0
github.com/korjavin/dutyassistant/internal/mocks/store.go:187.24,189.3 1 0
github.com/korjavin/dutyassistant/internal/mocks/store.go:190.2,190.51 1 0
github.com/korjavin/dutyassistant/internal/mocks/store.go:193.95,196.2 2 0
github.com/korjavin/dutyassistant/internal/mocks/store.go:198.75,201.2 2 0
github.com/korjavin/dutyassistant/internal/mocks/store.go:203.100,206.2 2 0
github.com/korjavin/dutyassistant/internal/mocks/store.go:208.97,210.24 2 0
github.com/korjavin/dutyassistant/internal/mocks/store.go:210.24,212.3 1 0
github.com/korjavin/dutyassistant/internal/mocks/store.go:213.2,213.51 1 0
github.com/korjavin/dutyassistant/internal/mocks/store.go:216.145,219.2 2 0
github.com/korjavin/dutyassistant/internal/mocks/store.go:221.78,224.2 2 0
github.com/korjavin/dutyassistant/internal/mocks/store.go:226.71,229.2 2 0
github.com/korjavin/dutyassistant/internal/mocks/store.go:231.80,234.2 2 0
github.com/korjavin/dutyassistant/internal/mocks/store.go:236.104,238.24 2 0
github.com/korjavin/dutyassistant/internal/mocks/store.go:238.24,240.3 1 0
github.com/korjavin/dutyassistant/internal/mocks/store.go:241.2,241.50 1 0
github.com/korjavin/dutyassistant/internal/mocks/store.go:244.82,246.24 2 0
github.com/korjavin/dutyassistant/internal/mocks/store.go:246.24,248.3 1 0
github.com/korjavin/dutyassistant/internal/mocks/store.go:249.2,249.52 1 0
github.com/korjavin/dutyassistant/internal/mocks/store.go:252.104,254.24 2 0
github.com/korjavin/dutyassistant/internal/mocks/store.go:254.24,256.3 1 0
github.com/korjavin/dutyassistant/internal/mocks/store.go:257.2,257.52 1 0
github.com/korjavin/dutyassistant/internal/mocks/store.go:260.83,262.24 2 0
github.com/korjavin/dutyassistant/internal/mocks/store.go:262.24,264.3 1 0
github.com/korjavin/dutyassistant/internal/mocks/store.go:265.2,265.52 1 0
github.com/korjavin/dutyassistant/internal/mocks/store.go:268.93,271.2 2 0
github.com/korjavin/dutyassistant/internal/mocks/store.go:273.101,275.24 2 0
github.com/korjavin/dutyassistant/internal/mocks/store.go:275.24,277.3 1 0
github.com/korjavin/dutyassistant/internal/mocks/store.go:278.2,278.56 1 0
github.com/korjavin/dutyassistant/internal/mocks/store.go:281.112,283.24 2 0
github.com/korjavin/dutyassistant/internal/mocks/store.go:283.24,285.3 1 0
github.com/korjavin/dutyassistant/internal/mocks/store.go:286.2,286.60 1 0
github.com/korjavin/dutyassistant/internal/mocks/store.go:289.112,291.24 2 0
github.com/korjavin/dutyassistant/internal/mocks/store.go:291.24,293.3 1 0
github.com/korjavin/dutyassistant/internal/mocks/store.go:294.2,294.62 1 0
github.com/korjavin/dutyassistant/internal/mocks/store.go:297.81,300.2 2 0
github.com/korjavin/dutyassistant/internal/mocks/store.go:302.86,304.24 2 0
github.com/korjavin/dutyassistant/internal/mocks/store.go:304.24,306.3 1 0
github.com/korjavin/dutyassistant/internal/mocks/store.go:307.2,307.50 1 0
github.com/korjavin/dutyassistant/internal/mocks/store.go:310.83,313.2 2 0
github.com/korjavin/dutyassistant/internal/mocks/store.go:315.84,318.2 2 0
github.com/korjavin/dutyassistant/internal/mocks/store.go:320.133,323.2 2 0
github.com/korjavin/dutyassistant/internal/mocks/store.go:325.90,327.24 2 0
github.com/korjavin/dutyassistant/internal/mocks/store.go:327.24,329.3 1 0
github.com/korjavin/dutyassistant/internal/mocks/store.go:330.2,330.51 1 0
github.com/korjavin/dutyassistant/internal/mocks/store.go:333.132,335.24 2 0
github.com/korjavin/dutyassistant/internal/mocks/store.go:335.24,337.3 1 0
github.com/korjavin/dutyassistant/internal/mocks/store.go:338.2,338.69 1 0
github.com/korjavin/dutyassistant/internal/mocks/store.go:341.140,343.24 2 0
github.com/korjavin/dutyassistant/internal/mocks/store.go:343.24,345.3 1 0
github.com/korjavin/dutyassistant/internal/mocks/store.go:346.2,346.70 1 0
github.com/korjavin/dutyassistant/internal/mocks/store.go:350.98,353.2 2 0
github.com/korjavin/dutyassistant/internal/mocks/store.go:356.101,358.24 2 0
github.com/korjavin/dutyassistant/internal/mocks/store.go:358.24,360.3 1 0
github.com/korjavin/dutyassistant/internal/mocks/store.go:361.2,361.59 1 0
github.com/korjavin/dutyassistant/internal/mocks/store.go:365.100,367.24 2 0
github.com/korjavin/dutyassistant/internal/mocks/store.go:367.24,369.3 1 0
github.com/korjavin/dutyassistant/internal/mocks/store.go:370.2,370.61 1 0
github.com/korjavin/dutyassistant/internal/mocks/store.go:374.115,376.24 2 0
github.com/korjavin/dutyassistant/internal/mocks/store.go:376.24,378.3 1 0
github.com/korjavin/dutyassistant/internal/mocks/store.go:379.2,379.61 1 0
github.com/korjavin/dutyassistant/internal/mocks/store.go:383.105,386.2 2 0
github.com/korjavin/dutyassistant/internal/mocks/store.go:389.79,392.2 2 0
github.com/korjavin/dutyassistant/cmd/roster-bot/main.go:25.13,33.25 6 0
github.com/korjavin/dutyassistant/cmd/roster-bot/main.go:33.25,36.3 2 0
github.com/korjavin/dutyassistant/cmd/roster-bot/main.go:37.2,48.63 10 0
github.com/korjavin/dutyassistant/cmd/roster-bot/main.go:48.63,49.63 1 0
github.com/korjavin/dutyassistant/cmd/roster-bot/main.go:49.63,51.4 1 0
github.com/korjavin/dutyassistant/cmd/roster-bot/main.go:55.2,58.16 4 0
github.com/korjavin/dutyassistant/cmd/roster-bot/main.go:58.16,61.3 2 0
github.com/korjavin/dutyassistant/cmd/roster-bot/main.go:64.2,70.22 5 0
github.com/korjavin/dutyassistant/cmd/roster-bot/main.go:70.22,73.3 2 0
github.com/korjavin/dutyassistant/cmd/roster-bot/main.go:73.8,75.3 1 0
github.com/korjavin/dutyassistant/cmd/roster-bot/main.go:78.2,80.18 3 0
github.com/korjavin/dutyassistant/cmd/roster-bot/main.go:80.18,83.3 2 0
github.com/korjavin/dutyassistant/cmd/roster-bot/main.go:83.8,85.3 1 0
github.com/korjavin/dutyassistant/cmd/roster-bot/main.go:88.2,90.16 3 0
github.com/korjavin/dutyassistant/cmd/roster-bot/main.go:90.16,93.3 2 0
github.com/korjavin/dutyassistant/cmd/roster-bot/main.go:94.2,107.16 8 0
github.com/korjavin/dutyassistant/cmd/roster-bot/main.go:107.16,110.3 2 0
github.com/korjavin/dutyassistant/cmd/roster-bot/main.go:111.2,114.42 2 0
github.com/korjavin/dutyassistant/cmd/roster-bot/main.go:114.42,120.87 4 0
github.com/korjavin/dutyassistant/cmd/roster-bot/main.go:120.87,122.4 1 0
github.com/korjavin/dutyassistant/cmd/roster-bot/main.go:124.3,125.17 2 0
github.com/korjavin/dutyassistant/cmd/roster-bot/main.go:125.17,128.4 2 0
github.com/korjavin/dutyassistant/cmd/roster-bot/main.go:130.3,130.18 1 0
github.com/korjavin/dutyassistant/cmd/roster-bot/main.go:130.18,133.4 2 0
github.com/korjavin/dutyassistant/cmd/roster-bot/main.go:135.3,137.23 2 0
github.com/korjavin/dutyassistant/cmd/roster-bot/main.go:137.23,140.4 2 0
github.com/korjavin/dutyassistant/cmd/roster-bot/main.go:142.3,145.36 2 0
github.com/korjavin/dutyassistant/cmd/roster-bot/main.go:145.36,149.24 3 0
github.com/korjavin/dutyassistant/cmd/roster-bot/main.go:149.24,151.5 1 0
github.com/korjavin/dutyassistant/cmd/roster-bot/main.go:153.4,155.79 2 0
github.com/korjavin/dutyassistant/cmd/roster-bot/main.go:155.79,158.132 2 0
github.com/korjavin/dutyassistant/cmd/roster-bot/main.go:158.132,160.6 1 0
github.com/korjavin/dutyassistant/cmd/roster-bot/main.go:161.10,164.124 2 0
github.com/korjavin/dutyassistant/cmd/roster-bot/main.go:164.124,166.6 1 0
github.com/korjavin/dutyassistant/cmd/roster-bot/main.go:168.9,171.142 2 0
github.com/korjavin/dutyassistant/cmd/roster-bot/main.go:171.142,173.5 1 0
github.com/korjavin/dutyassistant/cmd/roster-bot/main.go:177.3,177.23 1 0
github.com/korjavin/dutyassistant/cmd/roster-bot/main.go:177.23,181.24 3 0
github.com/korjavin/dutyassistant/cmd/roster-bot/main.go:181.24,183.5 1 0
github.com/korjavin/dutyassistant/cmd/roster-bot/main.go:185.4,187.69 2 0
github.com/korjavin/dutyassistant/cmd/roster-bot/main.go:187.69,190.135 2 0
github.com/korjavin/dutyassistant/cmd/roster-bot/main.go:190.135,192.6 1 0
github.com/korjavin/dutyassistant/cmd/roster-bot/main.go:193.10,196.127 2 0
github.com/korjavin/dutyassistant/cmd/roster-bot/main.go:196.127,198.6 1 0
github.com/korjavin/dutyassistant/cmd/roster-bot/main.go:200.9,203.152 2 0
github.com/korjavin/dutyassistant/cmd/roster-bot/main.go:203.152,205.5 1 0
github.com/korjavin/dutyassistant/cmd/roster-bot/main.go:208.3,209.205 2 0
github.com/korjavin/dutyassistant/cmd/roster-bot/main.go:211.2,211.16 1 0
github.com/korjavin/dutyassistant/cmd/roster-bot/main.go:211.16,214.3 2 0
github.com/korjavin/dutyassistant/cmd/roster-bot/main.go:217.2,217.42 1 0
github.com/korjavin/dutyassistant/cmd/roster-bot/main.go:217.42,220.17 3 0
github.com/korjavin/dutyassistant/cmd/roster-bot/main.go:220.17,222.4 1 0
github.com/korjavin/dutyassistant/cmd/roster-bot/main.go:222.9,224.4 1 0
github.com/korjavin/dutyassistant/cmd/roster-bot/main.go:226.2,226.16 1 0
github.com/korjavin/dutyassistant/cmd/roster-bot/main.go:226.16,229.3 2 0
github.com/korjavin/dutyassistant/cmd/roster-bot/main.go:232.2,232.43 1 0
github.com/korjavin/dutyassistant/cmd/roster-bot/main.go:232.43,235.19 2 0
github.com/korjavin/dutyassistant/cmd/roster-bot/main.go:235.19,238.4 2 0
github.com/korjavin/dutyassistant/cmd/roster-bot/main.go:240.3,241.17 2 0
github.com/korjavin/dutyassistant/cmd/roster-bot/main.go:241.17,244.4 2 0
github.com/korjavin/dutyassistant/cmd/roster-bot/main.go:245.3,245.10 1 0
github.com/korjavin/dutyassistant/cmd/roster-bot/main.go:245.10,248.4 2 0
github.com/korjavin/dutyassistant/cmd/roster-bot/main.go:250.3,250.49 1 0
github.com/korjavin/dutyassistant/cmd/roster-bot/main.go:250.49,254.4 3 0
github.com/korjavin/dutyassistant/cmd/roster-bot/main.go:256.3,256.129 1 0
github.com/korjavin/dutyassistant/cmd/roster-bot/main.go:258.2,258.16 1 0
github.com/korjavin/dutyassistant/cmd/roster-bot/main.go:258.16,261.3 2 0
github.com/korjavin/dutyassistant/cmd/roster-bot/main.go:264.2,264.42 1 0
github.com/korjavin/dutyassistant/cmd/roster-bot/main.go:264.42,267.23 2 0
github.com/korjavin/dutyassistant/cmd/roster-bot/main.go:267.23,270.4 2 0
github.com/korjavin/dutyassistant/cmd/roster-bot/main.go:272.3,273.17 2 0
github.com/korjavin/dutyassistant/cmd/roster-bot/main.go:273.17,276.4 2 0
github.com/korjavin/dutyassistant/cmd/roster-bot/main.go:277.3,277.10 1 0
github.com/korjavin/dutyassistant/cmd/roster-bot/main.go:277.10,280.4 2 0
github.com/korjavin/dutyassistant/cmd/roster-bot/main.go:282.3,282.49 1 0
github.com/korjavin/dutyassistant/cmd/roster-bot/main.go:282.49,285.4 2 0
github.com/korjavin/dutyassistant/cmd/roster-bot/main.go:287.3,287.148 1 0
github.com/korjavin/dutyassistant/cmd/roster-bot/main.go:289.2,289.16 1 0
github.com/korjavin/dutyassistant/cmd/roster-bot/main.go:289.16,292.3 2 0
github.com/korjavin/dutyassistant/cmd/roster-bot/main.go:295.2,296.57 2 0
github.com/korjavin/dutyassistant/cmd/roster-bot/main.go:296.57,299.17 3 0
github.com/korjavin/dutyassistant/cmd/roster-bot/main.go:299.17,301.4 1 0
github.com/korjavin/dutyassistant/cmd/roster-bot/main.go:301.9,303.4 1 0
github.com/korjavin/dutyassistant/cmd/roster-bot/main.go:305.2,305.16 1 0
github.com/korjavin/dutyassistant/cmd/roster-bot/main.go:305.16,308.3 2 0
github.com/korjavin/dutyassistant/cmd/roster-bot/main.go:311.2,311.43 1 0
github.com/korjavin/dutyassistant/cmd/roster-bot/main.go:311.43,314.17 3 0
github.com/korjavin/dutyassistant/cmd/roster-bot/main.go:314.17,316.4 1 0
github.com/korjavin/dutyassistant/cmd/roster-bot/main.go:316.9,318.4 1 0
github.com/korjavin/dutyassistant/cmd/roster-bot/main.go:319.3,319.88 1 0
github.com/korjavin/dutyassistant/cmd/roster-bot/main.go:321.2,321.16 1 0
github.com/korjavin/dutyassistant/cmd/roster-bot/main.go:321.16,324.3 2 0
github.com/korjavin/dutyassistant/cmd/roster-bot/main.go:327.2,342.22 14 0
github.com/korjavin/dutyassistant/cmd/roster-bot/main.go:342.22,344.3 1 0
github.com/korjavin/dutyassistant/cmd/roster-bot/main.go:345.2,351.12 3 0
github.com/korjavin/dutyassistant/cmd/roster-bot/main.go:351.12,353.77 2 0
github.com/korjavin/dutyassistant/cmd/roster-bot/main.go:353.77,356.4 2 0
github.com/korjavin/dutyassistant/cmd/roster-bot/main.go:359.2,378.50 12 0
github.com/korjavin/dutyassistant/cmd/roster-bot/main.go:378.50,380.3 1 0
github.com/korjavin/dutyassistant/cmd/roster-bot/main.go:383.2,385.45 2 0
github.com/korjavin/dutyassistant/cmd/roster-bot/main.go:388.46,389.42 1 0
github.com/korjavin/dutyassistant/cmd/roster-bot/main.go:389.42,391.3 1 0
github.com/korjavin/dutyassistant/cmd/roster-bot/main.go:392.2,392.21 1 0
github.com/korjavin/dutyassistant/cmd/roster-bot/main.go:395.53,397.56 2 0
github.com/korjavin/dutyassistant/cmd/roster-bot/main.go:397.56,399.3 1 0
github.com/korjavin/dutyassistant/cmd/roster-bot/main.go:400.2,400.15 1 0
github.com/korjavin/dutyassistant/cmd/roster-bot/main.go:403.58,413.2 1 1
github.com/korjavin/dutyassistant/internal/telegram/keyboard/keyboard.go:20.47,29.2 1 0
github.com/korjavin/dutyassistant/internal/telegram/keyboard/keyboard.go:32.48,47.2 1 0
github.com/korjavin/dutyassistant/internal/telegram/keyboard/keyboard.go:52.104,60.32 6 0
github.com/korjavin/dutyassistant/internal/telegram/keyboard/keyboard.go:60.32,62.3 1 0
github.com/korjavin/dutyassistant/internal/telegram/keyboard/keyboard.go:65.2,66.30 2 0
github.com/korjavin/dutyassistant/internal/telegram/keyboard/keyboard.go:66.30,70.42 2 0
github.com/korjavin/dutyassistant/internal/telegram/keyboard/keyboard.go:70.42,72.4 1 0
github.com/korjavin/dutyassistant/internal/telegram/keyboard/keyboard.go:73.3,76.36 2 0
github.com/korjavin/dutyassistant/internal/telegram/keyboard/keyboard.go:76.36,80.4 3 0
github.com/korjavin/dutyassistant/internal/telegram/keyboard/keyboard.go:84.2,84.32 1 0
github.com/korjavin/dutyassistant/internal/telegram/keyboard/keyboard.go:84.32,85.92 1 0
github.com/korjavin/dutyassistant/internal/telegram/keyboard/keyboard.go:85.92,89.4 3 0
github.com/korjavin/dutyassistant/internal/telegram/keyboard/keyboard.go:93.2,121.17 9 0
github.com/korjavin/dutyassistant/internal/telegram/keyboard/keyboard.go:121.17,123.3 1 0
github.com/korjavin/dutyassistant/internal/telegram/keyboard/keyboard.go:123.8,125.3 1 0
github.com/korjavin/dutyassistant/internal/telegram/keyboard/keyboard.go:128.2,133.27 5 0
github.com/korjavin/dutyassistant/internal/telegram/keyboard/keyboard.go:133.27,134.26 1 0
github.com/korjavin/dutyassistant/internal/telegram/keyboard/keyboard.go:134.26,135.65 1 0
github.com/korjavin/dutyassistant/internal/telegram/keyboard/keyboard.go:135.65,137.5 1 0
github.com/korjavin/dutyassistant/internal/telegram/keyboard/keyboard.go:137.10,144.37 4 0
github.com/korjavin/dutyassistant/internal/telegram/keyboard/keyboard.go:144.37,148.54 3 0
github.com/korjavin/dutyassistant/internal/telegram/keyboard/keyboard.go:148.54,150.7 1 0
github.com/korjavin/dutyassistant/internal/telegram/keyboard/keyboard.go:150.12,152.7 1 0
github.com/korjavin/dutyassistant/internal/telegram/keyboard/keyboard.go:154.6,154.17 1 0
github.com/korjavin/dutyassistant/internal/telegram/keyboard/keyboard.go:154.17,157.7 1 0
github.com/korjavin/dutyassistant/internal/telegram/keyboard/keyboard.go:157.12,159.7 1 0
github.com/korjavin/dutyassistant/internal/telegram/keyboard/keyboard.go:160.11,162.17 1 0
github.com/korjavin/dutyassistant/internal/telegram/keyboard/keyboard.go:162.17,164.7 1 0
github.com/korjavin/dutyassistant/internal/telegram/keyboard/keyboard.go:164.12,166.7 1 0
github.com/korjavin/dutyassistant/internal/telegram/keyboard/keyboard.go:169.5,173.10 2 0
github.com/korjavin/dutyassistant/internal/telegram/keyboard/keyboard.go:176.3,177.49 2 0
github.com/korjavin/dutyassistant/internal/telegram/keyboard/keyboard.go:181.2,185.34 3 0
github.com/korjavin/dutyassistant/internal/telegram/keyboard/keyboard.go:185.34,188.36 3 0
github.com/korjavin/dutyassistant/internal/telegram/keyboard/keyboard.go:188.36,190.4 1 0
github.com/korjavin/dutyassistant/internal/telegram/keyboard/keyboard.go:190.9,192.4 1 0
github.com/korjavin/dutyassistant/internal/telegram/keyboard/keyboard.go:195.3,196.62 2 0
github.com/korjavin/dutyassistant/internal/telegram/keyboard/keyboard.go:196.62,198.4 1 0
github.com/korjavin/dutyassistant/internal/telegram/keyboard/keyboard.go:199.3,199.58 1 0
github.com/korjavin/dutyassistant/internal/telegram/keyboard/keyboard.go:199.58,201.4 1 0
github.com/korjavin/dutyassistant/internal/telegram/keyboard/keyboard.go:202.3,202.63 1 0
github.com/korjavin/dutyassistant/internal/telegram/keyboard/keyboard.go:202.63,204.4 1 0
github.com/korjavin/dutyassistant/internal/telegram/keyboard/keyboard.go:207.3,211.34 3 0
github.com/korjavin/dutyassistant/internal/telegram/keyboard/keyboard.go:211.34,213.4 1 0
github.com/korjavin/dutyassistant/internal/telegram/keyboard/keyboard.go:214.3,214.30 1 0
github.com/korjavin/dutyassistant/internal/telegram/keyboard/keyboard.go:214.30,216.4 1 0
github.com/korjavin/dutyassistant/internal/telegram/keyboard/keyboard.go:217.3,217.25 1 0
github.com/korjavin/dutyassistant/internal/telegram/keyboard/keyboard.go:217.25,219.4 1 0
github.com/korjavin/dutyassistant/internal/telegram/keyboard/keyboard.go:221.3,222.77 2 0
github.com/korjavin/dutyassistant/internal/telegram/keyboard/keyboard.go:225.2,225.54 1 0
github.com/korjavin/dutyassistant/internal/http/handlers/chores.go:14.53,23.30 2 1
github.com/korjavin/dutyassistant/internal/http/handlers/chores.go:23.30,30.20 3 1
github.com/korjavin/dutyassistant/internal/http/handlers/chores.go:30.20,33.4 2 1
github.com/korjavin/dutyassistant/internal/http/handlers/chores.go:35.3,36.17 2 1
github.com/korjavin/dutyassistant/internal/http/handlers/chores.go:36.17,39.4 2 1
github.com/korjavin/dutyassistant/internal/http/handlers/chores.go:41.3,42.32 2 1
github.com/korjavin/dutyassistant/internal/http/handlers/chores.go:42.32,44.25 2 1
github.com/korjavin/dutyassistant/internal/http/handlers/chores.go:44.25,46.5 1 1
github.com/korjavin/dutyassistant/internal/http/handlers/chores.go:48.4,54.6 1 1
github.com/korjavin/dutyassistant/internal/http/handlers/chores.go:57.3,57.51 1 1
github.com/korjavin/dutyassistant/internal/http/handlers/duties.go:14.54,19.30 2 1
github.com/korjavin/dutyassistant/internal/http/handlers/duties.go:19.30,21.48 2 1
github.com/korjavin/dutyassistant/internal/http/handlers/duties.go:21.48,24.4 2 0
github.com/korjavin/dutyassistant/internal/http/handlers/duties.go:27.3,28.17 2 1
github.com/korjavin/dutyassistant/internal/http/handlers/duties.go:28.17,31.4 2 0
github.com/korjavin/dutyassistant/internal/http/handlers/duties.go:34.3,35.25 2 1
github.com/korjavin/dutyassistant/internal/http/handlers/duties.go:35.25,38.4 2 0
github.com/korjavin/dutyassistant/internal/http/handlers/duties.go:44.3,54.68 3 1
github.com/korjavin/dutyassistant/internal/http/handlers/duties.go:54.68,57.4 2 0
github.com/korjavin/dutyassistant/internal/http/handlers/duties.go:59.3,59.31 1 1
github.com/korjavin/dutyassistant/internal/http/handlers/duties.go:65.53,71.30 2 1
github.com/korjavin/dutyassistant/internal/http/handlers/duties.go:71.30,73.48 2 1
github.com/korjavin/dutyassistant/internal/http/handlers/duties.go:73.48,76.4 2 0
github.com/korjavin/dutyassistant/internal/http/handlers/duties.go:78.3,79.17 2 1
github.com/korjavin/dutyassistant/internal/http/handlers/duties.go:79.17,82.4 2 0
github.com/korjavin/dutyassistant/internal/http/handlers/duties.go:84.3,93.68 3 1
github.com/korjavin/dutyassistant/internal/http/handlers/duties.go:93.68,96.4 2 0
github.com/korjavin/dutyassistant/internal/http/handlers/duties.go:98.3,98.31 1 1
github.com/korjavin/dutyassistant/internal/http/handlers/duties.go:104.53,109.30 2 1
github.com/korjavin/dutyassistant/internal/http/handlers/duties.go:109.30,111.59 2 1
github.com/korjavin/dutyassistant/internal/http/handlers/duties.go:111.59,114.4 2 0
github.com/korjavin/dutyassistant/internal/http/handlers/duties.go:116.3,117.48 2 1
github.com/korjavin/dutyassistant/internal/http/handlers/duties.go:117.48,120.4 2 0
github.com/korjavin/dutyassistant/internal/http/handlers/duties.go:123.3,124.17 2 1
github.com/korjavin/dutyassistant/internal/http/handlers/duties.go:124.17,127.4 2 0
github.com/korjavin/dutyassistant/internal/http/handlers/duties.go:130.3,131.40 2 1
github.com/korjavin/dutyassistant/internal/http/handlers/duties.go:131.40,134.4 2 0
github.com/korjavin/dutyassistant/internal/http/handlers/duties.go:137.3,141.73 2 1
github.com/korjavin/dutyassistant/internal/http/handlers/duties.go:141.73,144.4 2 0
github.com/korjavin/dutyassistant/internal/http/handlers/duties.go:146.3,146.26 1 1
github.com/korjavin/dutyassistant/internal/http/handlers/duties.go:152.53,153.30 1 1
github.com/korjavin/dutyassistant/internal/http/handlers/duties.go:153.30,156.17 3 1
github.com/korjavin/dutyassistant/internal/http/handlers/duties.go:156.17,159.4 2 0
github.com/korjavin/dutyassistant/internal/http/handlers/duties.go:161.3,161.69 1 1
github.com/korjavin/dutyassistant/internal/http/handlers/duties.go:161.69,166.4 2 0
github.com/korjavin/dutyassistant/internal/http/handlers/duties.go:168.3,168.33 1 1
github.com/korjavin/dutyassistant/internal/http/handlers/schedule.go:15.49,16.30 1 1
github.com/korjavin/dutyassistant/internal/http/handlers/schedule.go:16.30,18.17 2 1
github.com/korjavin/dutyassistant/internal/http/handlers/schedule.go:18.17,21.4 2 1
github.com/korjavin/dutyassistant/internal/http/handlers/schedule.go:23.3,24.17 2 1
github.com/korjavin/dutyassistant/internal/http/handlers/schedule.go:24.17,27.4 2 0
github.com/korjavin/dutyassistant/internal/http/handlers/schedule.go:29.3,29.30 1 1
github.com/korjavin/dutyassistant/internal/http/handlers/schedule.go:29.30,32.4 2 0
github.com/korjavin/dutyassistant/internal/http/handlers/schedule.go:34.3,35.17 2 1
github.com/korjavin/dutyassistant/internal/http/handlers/schedule.go:35.17,38.4 2 1
github.com/korjavin/dutyassistant/internal/http/handlers/schedule.go:41.3,57.31 5 1
github.com/korjavin/dutyassistant/internal/http/handlers/schedule.go:57.31,64.20 5 1
github.com/korjavin/dutyassistant/internal/http/handlers/schedule.go:64.20,66.25 2 1
github.com/korjavin/dutyassistant/internal/http/handlers/schedule.go:66.25,70.6 3 1
github.com/korjavin/dutyassistant/internal/http/handlers/schedule.go:71.10,71.31 1 1
github.com/korjavin/dutyassistant/internal/http/handlers/schedule.go:71.31,73.5 1 0
github.com/korjavin/dutyassistant/internal/http/handlers/schedule.go:75.4,83.6 1 1
github.com/korjavin/dutyassistant/internal/http/handlers/schedule.go:86.3,86.51 1 1
github.com/korjavin/dutyassistant/internal/http/handlers/schedule.go:92.50,93.30 1 0
github.com/korjavin/dutyassistant/internal/http/handlers/schedule.go:93.30,95.17 2 0
github.com/korjavin/dutyassistant/internal/http/handlers/schedule.go:95.17,98.4 2 0
github.com/korjavin/dutyassistant/internal/http/handlers/schedule.go:100.3,101.17 2 0
github.com/korjavin/dutyassistant/internal/http/handlers/schedule.go:101.17,104.4 2 0
github.com/korjavin/dutyassistant/internal/http/handlers/schedule.go:106.3,106.30 1 0
github.com/korjavin/dutyassistant/internal/http/handlers/schedule.go:106.30,109.4 2 0
github.com/korjavin/dutyassistant/internal/http/handlers/schedule.go:112.3,112.61 1 0
github.com/korjavin/dutyassistant/internal/http/handlers/users.go:13.46,14.30 1 1
github.com/korjavin/dutyassistant/internal/http/handlers/users.go:14.30,21.20 3 1
github.com/korjavin/dutyassistant/internal/http/handlers/users.go:21.20,24.4 2 0
github.com/korjavin/dutyassistant/internal/http/handlers/users.go:26.3,27.17 2 1
github.com/korjavin/dutyassistant/internal/http/handlers/users.go:27.17,30.4 2 0
github.com/korjavin/dutyassistant/internal/http/handlers/users.go:33.3,33.19 1 1
github.com/korjavin/dutyassistant/internal/http/handlers/users.go:33.19,35.4 1 0
github.com/korjavin/dutyassistant/internal/http/handlers/users.go:37.3,37.31 1 1
github.com/korjavin/dutyassistant/internal/http/handlers/who.go:22.52,36.15 7 1
github.com/korjavin/dutyassistant/internal/http/handlers/who.go:36.15,38.3 1 1
github.com/korjavin/dutyassistant/internal/http/handlers/who.go:38.8,38.22 1 1
github.com/korjavin/dutyassistant/internal/http/handlers/who.go:38.22,40.3 1 1
github.com/korjavin/dutyassistant/internal/http/handlers/who.go:40.8,40.21 1 1
github.com/korjavin/dutyassistant/internal/http/handlers/who.go:40.21,42.3 1 1
github.com/korjavin/dutyassistant/internal/http/handlers/who.go:42.8,42.23 1 1
github.com/korjavin/dutyassistant/internal/http/handlers/who.go:42.23,44.3 1 1
github.com/korjavin/dutyassistant/internal/http/handlers/who.go:44.8,46.3 1 1
github.com/korjavin/dutyassistant/internal/http/handlers/who.go:57.44,58.30 1 1
github.com/korjavin/dutyassistant/internal/http/handlers/who.go:58.30,60.17 2 1
github.com/korjavin/dutyassistant/internal/http/handlers/who.go:60.17,64.4 3 1
github.com/korjavin/dutyassistant/internal/http/handlers/who.go:66.3,67.17 2 1
github.com/korjavin/dutyassistant/internal/http/handlers/who.go:67.17,71.4 3 1
github.com/korjavin/dutyassistant/internal/http/handlers/who.go:73.3,74.32 2 1
github.com/korjavin/dutyassistant/internal/http/handlers/who.go:74.32,76.25 2 1
github.com/korjavin/dutyassistant/internal/http/handlers/who.go:76.25,78.5 1 1
github.com/korjavin/dutyassistant/internal/http/handlers/who.go:79.4,83.6 1 1
github.com/korjavin/dutyassistant/internal/http/handlers/who.go:86.3,87.38 2 1
github.com/korjavin/dutyassistant/internal/http/handlers/who.go:87.38,89.4 1 1
github.com/korjavin/dutyassistant/internal/http/handlers/who.go:91.3,94.5 1 1
github.com/korjavin/dutyassistant/internal/notification/formatter.go:17.57,18.37 1 1
github.com/korjavin/dutyassistant/internal/notification/formatter.go:18.37,20.3 1 1
github.com/korjavin/dutyassistant/internal/notification/formatter.go:21.2,27.3 2 1
github.com/korjavin/dutyassistant/internal/notification/formatter.go:32.61,33.37 1 1
github.com/korjavin/dutyassistant/internal/notification/formatter.go:33.37,35.3 1 1
github.com/korjavin/dutyassistant/internal/notification/formatter.go:36.2,42.3 2 1
github.com/korjavin/dutyassistant/internal/notification/formatter.go:46.50,47.37 1 1
github.com/korjavin/dutyassistant/internal/notification/formatter.go:47.37,49.3 1 0
github.com/korjavin/dutyassistant/internal/notification/formatter.go:50.2,55.3 2 1
github.com/korjavin/dutyassistant/internal/notification/formatter.go:59.73,60.24 1 1
github.com/korjavin/dutyassistant/internal/notification/formatter.go:61.37,62.34 1 1
github.com/korjavin/dutyassistant/internal/notification/formatter.go:63.33,64.28 1 1
github.com/korjavin/dutyassistant/internal/notification/formatter.go:65.38,66.25 1 1
github.com/korjavin/dutyassistant/internal/notification/formatter.go:67.10,68.26 1 0
github.com/korjavin/dutyassistant/internal/notification/formatter.go:74.38,76.37 2 1
github.com/korjavin/dutyassistant/internal/notification/formatter.go:76.37,78.3 1 1
github.com/korjavin/dutyassistant/internal/notification/formatter.go:79.2,79.10 1 1
github.com/korjavin/dutyassistant/internal/notification/notifier.go:43.151,54.2 1 1
github.com/korjavin/dutyassistant/internal/notification/notifier.go:57.28,62.16 4 0
github.com/korjavin/dutyassistant/internal/notification/notifier.go:62.16,65.3 2 0
github.com/korjavin/dutyassistant/internal/notification/notifier.go:66.2,66.16 1 0
github.com/korjavin/dutyassistant/internal/notification/notifier.go:70.27,72.19 2 0
github.com/korjavin/dutyassistant/internal/notification/notifier.go:72.19,75.3 2 0
github.com/korjavin/dutyassistant/internal/notification/notifier.go:76.2,76.44 1 0
github.com/korjavin/dutyassistant/internal/notification/notifier.go:81.37,93.16 7 1
github.com/korjavin/dutyassistant/internal/notification/notifier.go:93.16,97.3 1 1
github.com/korjavin/dutyassistant/internal/notification/notifier.go:99.2,99.17 1 1
github.com/korjavin/dutyassistant/internal/notification/notifier.go:99.17,102.23 2 1
github.com/korjavin/dutyassistant/internal/notification/notifier.go:102.23,106.4 2 1
github.com/korjavin/dutyassistant/internal/notification/notifier.go:107.3,107.17 1 1
github.com/korjavin/dutyassistant/internal/notification/notifier.go:111.2,111.17 1 1
github.com/korjavin/dutyassistant/internal/notification/notifier.go:111.17,114.25 2 1
github.com/korjavin/dutyassistant/internal/notification/notifier.go:114.25,116.4 1 0
github.com/korjavin/dutyassistant/internal/notification/notifier.go:118.3,121.49 3 1
github.com/korjavin/dutyassistant/internal/notification/notifier.go:121.49,123.4 1 1
github.com/korjavin/dutyassistant/internal/notification/notifier.go:123.9,125.4 1 1
github.com/korjavin/dutyassistant/internal/notification/notifier.go:128.3,128.56 1 1
github.com/korjavin/dutyassistant/internal/notification/notifier.go:128.56,130.26 2 1
github.com/korjavin/dutyassistant/internal/notification/notifier.go:130.26,132.5 1 0
github.com/korjavin/dutyassistant/internal/notification/notifier.go:134.4,137.47 3 1
github.com/korjavin/dutyassistant/internal/notification/notifier.go:137.47,139.5 1 1
github.com/korjavin/dutyassistant/internal/notification/notifier.go:139.10,141.5 1 1
github.com/korjavin/dutyassistant/internal/notification/notifier.go:142.9,144.4 1 0
github.com/korjavin/dutyassistant/internal/notification/notifier.go:149.138,151.12 2 1
github.com/korjavin/dutyassistant/internal/notification/notifier.go:151.12,153.27 2 1
github.com/korjavin/dutyassistant/internal/notification/notifier.go:153.27,156.4 2 1
github.com/korjavin/dutyassistant/internal/notification/notifier.go:159.2,160.16 2 1
github.com/korjavin/dutyassistant/internal/notification/notifier.go:160.16,162.3 1 0
github.com/korjavin/dutyassistant/internal/notification/notifier.go:164.2,164.22 1 1
github.com/korjavin/dutyassistant/internal/notification/notifier.go:164.22,165.19 1 1
github.com/korjavin/dutyassistant/internal/notification/notifier.go:165.19,168.4 2 1
github.com/korjavin/dutyassistant/internal/notification/notifier.go:169.3,169.13 1 1
github.com/korjavin/dutyassistant/internal/notification/notifier.go:169.13,170.67 1 1
github.com/korjavin/dutyassistant/internal/notification/notifier.go:170.67,172.5 1 0
github.com/korjavin/dutyassistant/internal/notification/notifier.go:174.3,174.13 1 1
github.com/korjavin/dutyassistant/internal/notification/notifier.go:177.2,178.16 2 0
github.com/korjavin/dutyassistant/internal/notification/notifier.go:178.16,180.3 1 0
github.com/korjavin/dutyassistant/internal/notification/notifier.go:181.2,188.31 6 0
github.com/korjavin/dutyassistant/internal/notification/notifier.go:188.31,193.22 4 0
github.com/korjavin/dutyassistant/internal/notification/notifier.go:193.22,195.4 1 0
github.com/korjavin/dutyassistant/internal/notification/notifier.go:197.3,198.24 2 0
github.com/korjavin/dutyassistant/internal/notification/notifier.go:198.24,199.38 1 0
github.com/korjavin/dutyassistant/internal/notification/notifier.go:199.38,201.5 1 0
github.com/korjavin/dutyassistant/internal/notification/notifier.go:201.10,203.5 1 0
github.com/korjavin/dutyassistant/internal/notification/notifier.go:204.9,206.4 1 0
github.com/korjavin/dutyassistant/internal/notification/notifier.go:208.3,210.23 2 0
github.com/korjavin/dutyassistant/internal/notification/notifier.go:210.23,212.4 1 0
github.com/korjavin/dutyassistant/internal/notification/notifier.go:212.9,212.30 1 0
github.com/korjavin/dutyassistant/internal/notification/notifier.go:212.30,214.4 1 0
github.com/korjavin/dutyassistant/internal/notification/notifier.go:214.9,217.69 2 0
github.com/korjavin/dutyassistant/internal/notification/notifier.go:217.69,222.5 4 0
github.com/korjavin/dutyassistant/internal/notification/notifier.go:226.2,226.18 1 0
github.com/korjavin/dutyassistant/internal/notification/notifier.go:226.18,230.24 3 0
github.com/korjavin/dutyassistant/internal/notification/notifier.go:230.24,232.34 2 0
github.com/korjavin/dutyassistant/internal/notification/notifier.go:232.34,234.5 1 0
github.com/korjavin/dutyassistant/internal/notification/notifier.go:235.4,235.36 1 0
github.com/korjavin/dutyassistant/internal/notification/notifier.go:238.3,238.22 1 0
github.com/korjavin/dutyassistant/internal/notification/notifier.go:238.22,240.32 2 0
github.com/korjavin/dutyassistant/internal/notification/notifier.go:240.32,242.5 1 0
github.com/korjavin/dutyassistant/internal/notification/notifier.go:243.4,243.36 1 0
github.com/korjavin/dutyassistant/internal/notification/notifier.go:246.3,246.21 1 0
github.com/korjavin/dutyassistant/internal/notification/notifier.go:246.21,248.31 2 0
github.com/korjavin/dutyassistant/internal/notification/notifier.go:248.31,250.5 1 0
github.com/korjavin/dutyassistant/internal/notification/notifier.go:253.3,256.17 4 0
github.com/korjavin/dutyassistant/internal/notification/notifier.go:256.17,259.4 2 0
github.com/korjavin/dutyassistant/internal/notification/notifier.go:262.2,262.12 1 0
github.com/korjavin/dutyassistant/internal/notification/notifier.go:262.12,263.66 1 0
github.com/korjavin/dutyassistant/internal/notification/notifier.go:263.66,265.4 1 0
github.com/korjavin/dutyassistant/internal/notification/notifier.go:268.2,268.12 1 0
github.com/korjavin/dutyassistant/internal/notification/notifier.go:271.64,272.33 1 1
github.com/korjavin/dutyassistant/internal/notification/notifier.go:272.33,274.3 1 1
github.com/korjavin/dutyassistant/internal/notification/notifier.go:275.2,276.25 2 1
github.com/korjavin/dutyassistant/internal/notification/notifier.go:276.25,278.3 1 1
github.com/korjavin/dutyassistant/internal/notification/notifier.go:279.2,279.86 1 1
github.com/korjavin/dutyassistant/internal/notification/notifier.go:282.77,283.21 1 1
github.com/korjavin/dutyassistant/internal/notification/notifier.go:283.21,285.3 1 1
github.com/korjavin/dutyassistant/internal/notification/notifier.go:289.2,290.34 2 1
github.com/korjavin/dutyassistant/internal/notification/notifier.go:290.34,291.54 1 1
github.com/korjavin/dutyassistant/internal/notification/notifier.go:291.54,293.4 1 1
github.com/korjavin/dutyassistant/internal/notification/notifier.go:293.9,293.62 1 1
github.com/korjavin/dutyassistant/internal/notification/notifier.go:293.62,294.55 1 1
github.com/korjavin/dutyassistant/internal/notification/notifier.go:294.55,296.5 1 0
github.com/korjavin/dutyassistant/internal/notification/notifier.go:300.2,300.15 1 1
github.com/korjavin/dutyassistant/internal/notification/notifier.go:303.45,308.11 5 1
github.com/korjavin/dutyassistant/internal/notification/notifier.go:308.11,310.3 1 1
github.com/korjavin/dutyassistant/internal/notification/notifier.go:310.8,310.18 1 1
github.com/korjavin/dutyassistant/internal/notification/notifier.go:310.18,312.3 1 1
github.com/korjavin/dutyassistant/internal/notification/notifier.go:313.2,313.30 1 0
github.com/korjavin/dutyassistant/internal/notification/notifier.go:317.107,318.18 1 1
github.com/korjavin/dutyassistant/internal/notification/notifier.go:318.18,320.3 1 0
github.com/korjavin/dutyassistant/internal/notification/notifier.go:322.2,323.16 2 1
github.com/korjavin/dutyassistant/internal/notification/notifier.go:323.16,325.3 1 0
github.com/korjavin/dutyassistant/internal/notification/notifier.go:327.2,329.16 3 1
github.com/korjavin/dutyassistant/internal/notification/notifier.go:329.16,331.3 1 0
github.com/korjavin/dutyassistant/internal/notification/notifier.go:333.2,337.26 4 1
github.com/korjavin/dutyassistant/internal/notification/notifier.go:337.26,339.3 1 0
github.com/korjavin/dutyassistant/internal/notification/notifier.go:339.8,340.36 1 1
github.com/korjavin/dutyassistant/internal/notification/notifier.go:340.36,342.4 1 1
github.com/korjavin/dutyassistant/internal/notification/notifier.go:344.2,347.27 3 1
github.com/korjavin/dutyassistant/internal/notification/notifier.go:347.27,349.3 1 0
github.com/korjavin/dutyassistant/internal/notification/notifier.go:349.8,351.36 2 1
github.com/korjavin/dutyassistant/internal/notification/notifier.go:351.36,352.47 1 1
github.com/korjavin/dutyassistant/internal/notification/notifier.go:352.47,354.5 1 1
github.com/korjavin/dutyassistant/internal/notification/notifier.go:357.3,357.36 1 1
github.com/korjavin/dutyassistant/internal/notification/notifier.go:357.36,361.31 3 1
github.com/korjavin/dutyassistant/internal/notification/notifier.go:361.31,363.5 1 1
github.com/korjavin/dutyassistant/internal/notification/notifier.go:365.4,368.59 4 1
github.com/korjavin/dutyassistant/internal/notification/notifier.go:371.3,372.20 2 1
github.com/korjavin/dutyassistant/internal/notification/notifier.go:372.20,374.34 2 1
github.com/korjavin/dutyassistant/internal/notification/notifier.go:374.34,376.5 1 1
github.com/korjavin/dutyassistant/internal/notification/notifier.go:376.10,378.5 1 0
github.com/korjavin/dutyassistant/internal/notification/notifier.go:382.2,385.12 4 1
github.com/korjavin/dutyassistant/internal/notification/periodic_chore_reminder.go:20.102,22.16 2 0
github.com/korjavin/dutyassistant/internal/notification/periodic_chore_reminder.go:22.16,25.3 2 0
github.com/korjavin/dutyassistant/internal/notification/periodic_chore_reminder.go:27.2,29.6 2 0
github.com/korjavin/dutyassistant/internal/notification/periodic_chore_reminder.go:29.6,35.10 4 0
github.com/korjavin/dutyassistant/internal/notification/periodic_chore_reminder.go:36.21,38.10 2 0
github.com/korjavin/dutyassistant/internal/notification/periodic_chore_reminder.go:39.35,40.60 1 0
github.com/korjavin/dutyassistant/internal/notification/periodic_chore_reminder.go:49.68,57.15 5 1
github.com/korjavin/dutyassistant/internal/notification/periodic_chore_reminder.go:57.15,61.3 2 1
github.com/korjavin/dutyassistant/internal/notification/periodic_chore_reminder.go:63.2,63.16 1 1
github.com/korjavin/dutyassistant/internal/notification/periodic_chore_reminder.go:63.16,68.3 3 1
github.com/korjavin/dutyassistant/internal/notification/periodic_chore_reminder.go:70.2,70.13 1 1
github.com/korjavin/dutyassistant/internal/notification/periodic_chore_reminder.go:73.111,77.29 2 1
github.com/korjavin/dutyassistant/internal/notification/periodic_chore_reminder.go:77.29,80.3 2 1
github.com/korjavin/dutyassistant/internal/notification/periodic_chore_reminder.go:82.2,83.16 2 1
github.com/korjavin/dutyassistant/internal/notification/periodic_chore_reminder.go:83.16,86.3 2 0
github.com/korjavin/dutyassistant/internal/notification/periodic_chore_reminder.go:88.2,88.22 1 1
github.com/korjavin/dutyassistant/internal/notification/periodic_chore_reminder.go:88.22,90.3 1 1
github.com/korjavin/dutyassistant/internal/notification/periodic_chore_reminder.go:92.2,93.31 2 1
github.com/korjavin/dutyassistant/internal/notification/periodic_chore_reminder.go:93.31,94.58 1 1
github.com/korjavin/dutyassistant/internal/notification/periodic_chore_reminder.go:94.58,96.4 1 1
github.com/korjavin/dutyassistant/internal/notification/periodic_chore_reminder.go:99.2,99.43 1 1
github.com/korjavin/dutyassistant/internal/notification/periodic_chore_reminder.go:99.43,101.16 2 1
github.com/korjavin/dutyassistant/internal/notification/periodic_chore_reminder.go:101.16,102.12 1 0
github.com/korjavin/dutyassistant/internal/notification/periodic_chore_reminder.go:105.3,106.17 2 1
github.com/korjavin/dutyassistant/internal/notification/periodic_chore_reminder.go:106.17,108.4 1 0
github.com/korjavin/dutyassistant/internal/notification/periodic_chore_reminder.go:108.9,110.4 1 1
github.com/korjavin/dutyassistant/internal/notification/periodic_formatter.go:13.84,14.22 1 1
github.com/korjavin/dutyassistant/internal/notification/periodic_formatter.go:14.22,16.3 1 1
github.com/korjavin/dutyassistant/internal/notification/periodic_formatter.go:18.2,18.16 1 1
github.com/korjavin/dutyassistant/internal/notification/periodic_formatter.go:18.16,20.3 1 0
github.com/korjavin/dutyassistant/internal/notification/periodic_formatter.go:22.2,25.31 3 1
github.com/korjavin/dutyassistant/internal/notification/periodic_formatter.go:25.31,27.33 2 1
github.com/korjavin/dutyassistant/internal/notification/periodic_formatter.go:27.33,29.4 1 1
github.com/korjavin/dutyassistant/internal/notification/periodic_formatter.go:31.3,31.115 1 1
github.com/korjavin/dutyassistant/internal/notification/periodic_formatter.go:34.2,36.20 2 1
github.com/korjavin/dutyassistant/internal/http/middleware/auth.go:32.67,33.30 1 0
github.com/korjavin/dutyassistant/internal/http/middleware/auth.go:33.30,35.23 2 0
github.com/korjavin/dutyassistant/internal/http/middleware/auth.go:35.23,38.4 2 0
github.com/korjavin/dutyassistant/internal/http/middleware/auth.go:40.3,41.60 2 0
github.com/korjavin/dutyassistant/internal/http/middleware/auth.go:41.60,44.4 2 0
github.com/korjavin/dutyassistant/internal/http/middleware/auth.go:46.3,50.66 2 0
github.com/korjavin/dutyassistant/internal/http/middleware/auth.go:50.66,53.4 2 0
github.com/korjavin/dutyassistant/internal/http/middleware/auth.go:55.3,58.38 2 0
github.com/korjavin/dutyassistant/internal/http/middleware/auth.go:58.38,61.4 2 0
github.com/korjavin/dutyassistant/internal/http/middleware/auth.go:64.3,65.17 2 0
github.com/korjavin/dutyassistant/internal/http/middleware/auth.go:65.17,69.4 2 0
github.com/korjavin/dutyassistant/internal/http/middleware/auth.go:72.3,72.21 1 0
github.com/korjavin/dutyassistant/internal/http/middleware/auth.go:72.21,75.4 2 0
github.com/korjavin/dutyassistant/internal/http/middleware/auth.go:78.3,81.11 3 0
github.com/korjavin/dutyassistant/internal/http/middleware/auth.go:88.38,89.30 1 0
github.com/korjavin/dutyassistant/internal/http/middleware/auth.go:89.30,91.25 2 0
github.com/korjavin/dutyassistant/internal/http/middleware/auth.go:91.25,95.4 2 0
github.com/korjavin/dutyassistant/internal/http/middleware/auth.go:97.3,97.20 1 0
github.com/korjavin/dutyassistant/internal/http/middleware/auth.go:97.20,100.4 2 0
github.com/korjavin/dutyassistant/internal/http/middleware/auth.go:102.3,102.11 1 0
github.com/korjavin/dutyassistant/internal/http/middleware/auth.go:109.67,110.30 1 0
github.com/korjavin/dutyassistant/internal/http/middleware/auth.go:110.30,112.23 2 0
github.com/korjavin/dutyassistant/internal/http/middleware/auth.go:112.23,116.4 3 0
github.com/korjavin/dutyassistant/internal/http/middleware/auth.go:118.3,121.60 3 0
github.com/korjavin/dutyassistant/internal/http/middleware/auth.go:121.60,125.4 3 0
github.com/korjavin/dutyassistant/internal/http/middleware/auth.go:127.3,130.66 3 0
github.com/korjavin/dutyassistant/internal/http/middleware/auth.go:130.66,134.4 3 0
github.com/korjavin/dutyassistant/internal/http/middleware/auth.go:136.3,137.38 2 0
github.com/korjavin/dutyassistant/internal/http/middleware/auth.go:137.38,141.4 3 0
github.com/korjavin/dutyassistant/internal/http/middleware/auth.go:143.3,146.32 3 0
github.com/korjavin/dutyassistant/internal/http/middleware/auth.go:146.32,150.4 3 0
github.com/korjavin/dutyassistant/internal/http/middleware/auth.go:152.3,158.11 4 0
github.com/korjavin/dutyassistant/internal/http/middleware/hmac.go:26.46,27.30 1 1
github.com/korjavin/dutyassistant/internal/http/middleware/hmac.go:27.30,28.19 1 1
github.com/korjavin/dutyassistant/internal/http/middleware/hmac.go:28.19,31.4 2 1
github.com/korjavin/dutyassistant/internal/http/middleware/hmac.go:33.3,36.40 3 1
github.com/korjavin/dutyassistant/internal/http/middleware/hmac.go:36.40,39.4 2 1
github.com/korjavin/dutyassistant/internal/http/middleware/hmac.go:41.3,42.17 2 1
github.com/korjavin/dutyassistant/internal/http/middleware/hmac.go:42.17,45.4 2 1
github.com/korjavin/dutyassistant/internal/http/middleware/hmac.go:47.3,48.94 2 1
github.com/korjavin/dutyassistant/internal/http/middleware/hmac.go:48.94,51.4 2 1
github.com/korjavin/dutyassistant/internal/http/middleware/hmac.go:53.3,60.60 6 1
github.com/korjavin/dutyassistant/internal/http/middleware/hmac.go:60.60,63.4 2 1
github.com/korjavin/dutyassistant/internal/http/middleware/hmac.go:65.3,65.11 1 1
github.com/korjavin/dutyassistant/internal/http/middleware/ratelimit.go:27.59,39.2 3 1
github.com/korjavin/dutyassistant/internal/http/middleware/ratelimit.go:42.48,43.6 1 1
github.com/korjavin/dutyassistant/internal/http/middleware/ratelimit.go:43.6,46.33 3 1
github.com/korjavin/dutyassistant/internal/http/middleware/ratelimit.go:46.33,47.53 1 0
github.com/korjavin/dutyassistant/internal/http/middleware/ratelimit.go:47.53,49.5 1 0
github.com/korjavin/dutyassistant/internal/http/middleware/ratelimit.go:51.3,51.16 1 0
github.com/korjavin/dutyassistant/internal/http/middleware/ratelimit.go:56.61,61.13 4 1
github.com/korjavin/dutyassistant/internal/http/middleware/ratelimit.go:61.13,64.14 3 1
github.com/korjavin/dutyassistant/internal/http/middleware/ratelimit.go:64.14,70.4 2 1
github.com/korjavin/dutyassistant/internal/http/middleware/ratelimit.go:70.9,72.4 1 0
github.com/korjavin/dutyassistant/internal/http/middleware/ratelimit.go:73.3,73.16 1 1
github.com/korjavin/dutyassistant/internal/http/middleware/ratelimit.go:74.8,78.3 3 1
github.com/korjavin/dutyassistant/internal/http/middleware/ratelimit.go:80.2,80.23 1 1
github.com/korjavin/dutyassistant/internal/http/middleware/ratelimit.go:84.66,85.30 1 1
github.com/korjavin/dutyassistant/internal/http/middleware/ratelimit.go:85.30,88.17 3 1
github.com/korjavin/dutyassistant/internal/http/middleware/ratelimit.go:88.17,93.4 2 1
github.com/korjavin/dutyassistant/internal/http/middleware/ratelimit.go:94.3,94.11 1 1
github.com/korjavin/dutyassistant/internal/http/middleware/ratelimit.go:99.38,101.2 1 0
github.com/korjavin/dutyassistant/internal/http/middleware/ratelimit.go:103.37,105.2 1 0
github.com/korjavin/dutyassistant/internal/http/middleware/ratelimit.go:107.40,109.2 1 0
github.com/korjavin/dutyassistant/internal/http/middleware/security.go:8.40,9.30 1 1
github.com/korjavin/dutyassistant/internal/http/middleware/security.go:9.30,16.3 6 1
github.com/korjavin/dutyassistant/internal/scheduler/adapter.go:45.87,47.2 1 0
github.com/korjavin/dutyassistant/internal/scheduler/adapter.go:50.89,52.2 1 0
github.com/korjavin/dutyassistant/internal/scheduler/adapter.go:55.93,57.2 1 0
github.com/korjavin/dutyassistant/internal/scheduler/adapter.go:60.94,62.2 1 0
github.com/korjavin/dutyassistant/internal/scheduler/explain.go:15.80,17.16 2 1
github.com/korjavin/dutyassistant/internal/scheduler/explain.go:17.16,19.3 1 0
github.com/korjavin/dutyassistant/internal/scheduler/explain.go:20.2,20.45 1 1
github.com/korjavin/dutyassistant/internal/scheduler/explain.go:20.45,22.3 1 1
github.com/korjavin/dutyassistant/internal/scheduler/explain.go:24.2,26.16 3 1
github.com/korjavin/dutyassistant/internal/scheduler/explain.go:26.16,28.3 1 0
github.com/korjavin/dutyassistant/internal/scheduler/explain.go:30.2,31.16 2 1
github.com/korjavin/dutyassistant/internal/scheduler/explain.go:31.16,33.3 1 0
github.com/korjavin/dutyassistant/internal/scheduler/explain.go:35.2,36.16 2 1
github.com/korjavin/dutyassistant/internal/scheduler/explain.go:36.16,38.3 1 0
github.com/korjavin/dutyassistant/internal/scheduler/explain.go:40.2,47.25 6 1
github.com/korjavin/dutyassistant/internal/scheduler/explain.go:47.25,49.34 2 1
github.com/korjavin/dutyassistant/internal/scheduler/explain.go:49.34,51.4 1 1
github.com/korjavin/dutyassistant/internal/scheduler/explain.go:54.2,54.34 1 1
github.com/korjavin/dutyassistant/internal/scheduler/explain.go:54.34,56.3 1 1
github.com/korjavin/dutyassistant/internal/scheduler/explain.go:58.2,59.33 2 1
github.com/korjavin/dutyassistant/internal/scheduler/explain.go:60.37,61.153 1 1
github.com/korjavin/dutyassistant/internal/scheduler/explain.go:62.33,63.198 1 1
github.com/korjavin/dutyassistant/internal/scheduler/explain.go:64.38,65.151 1 1
github.com/korjavin/dutyassistant/internal/scheduler/explain.go:68.2,70.26 2 1
github.com/korjavin/dutyassistant/internal/scheduler/explain.go:74.95,77.16 3 1
github.com/korjavin/dutyassistant/internal/scheduler/explain.go:77.16,79.3 1 0
github.com/korjavin/dutyassistant/internal/scheduler/explain.go:81.2,82.30 2 1
github.com/korjavin/dutyassistant/internal/scheduler/explain.go:82.30,83.55 1 1
github.com/korjavin/dutyassistant/internal/scheduler/explain.go:83.55,85.4 1 1
github.com/korjavin/dutyassistant/internal/scheduler/explain.go:87.2,87.24 1 1
github.com/korjavin/dutyassistant/internal/scheduler/explain.go:91.122,93.16 2 1
github.com/korjavin/dutyassistant/internal/scheduler/explain.go:93.16,95.3 1 0
github.com/korjavin/dutyassistant/internal/scheduler/explain.go:97.2,98.26 2 1
github.com/korjavin/dutyassistant/internal/scheduler/explain.go:98.26,100.3 1 1
github.com/korjavin/dutyassistant/internal/scheduler/explain.go:101.2,101.33 1 1
github.com/korjavin/dutyassistant/internal/scheduler/explain.go:101.33,103.3 1 1
github.com/korjavin/dutyassistant/internal/scheduler/explain.go:105.2,105.27 1 1
github.com/korjavin/dutyassistant/internal/scheduler/explain.go:109.158,111.118 2 1
github.com/korjavin/dutyassistant/internal/scheduler/explain.go:111.118,112.30 1 1
github.com/korjavin/dutyassistant/internal/scheduler/explain.go:112.30,113.27 1 1
github.com/korjavin/dutyassistant/internal/scheduler/explain.go:113.27,114.13 1 1
github.com/korjavin/dutyassistant/internal/scheduler/explain.go:117.4,118.64 2 1
github.com/korjavin/dutyassistant/internal/scheduler/explain.go:118.64,120.5 1 1
github.com/korjavin/dutyassistant/internal/scheduler/explain.go:120.10,122.5 1 1
github.com/korjavin/dutyassistant/internal/scheduler/explain.go:125.4,125.31 1 1
github.com/korjavin/dutyassistant/internal/scheduler/explain.go:125.31,127.5 1 1
github.com/korjavin/dutyassistant/internal/scheduler/explain.go:129.4,129.29 1 1
github.com/korjavin/dutyassistant/internal/scheduler/explain.go:129.29,131.5 1 1
github.com/korjavin/dutyassistant/internal/scheduler/explain.go:135.2,136.63 2 1
github.com/korjavin/dutyassistant/internal/scheduler/explain.go:136.63,137.30 1 1
github.com/korjavin/dutyassistant/internal/scheduler/explain.go:137.30,138.28 1 1
github.com/korjavin/dutyassistant/internal/scheduler/explain.go:138.28,139.52 1 1
github.com/korjavin/dutyassistant/internal/scheduler/explain.go:139.52,141.6 1 1
github.com/korjavin/dutyassistant/internal/scheduler/explain.go:145.2,145.32 1 1
github.com/korjavin/dutyassistant/internal/scheduler/explain.go:155.34,160.32 4 1
github.com/korjavin/dutyassistant/internal/scheduler/explain.go:160.32,165.14 3 1
github.com/korjavin/dutyassistant/internal/scheduler/explain.go:165.14,167.12 2 1
github.com/korjavin/dutyassistant/internal/scheduler/explain.go:170.3,171.64 2 1
github.com/korjavin/dutyassistant/internal/scheduler/explain.go:171.64,173.24 2 1
github.com/korjavin/dutyassistant/internal/scheduler/explain.go:173.24,175.5 1 1
github.com/korjavin/dutyassistant/internal/scheduler/explain.go:175.10,177.5 1 1
github.com/korjavin/dutyassistant/internal/scheduler/explain.go:178.9,178.126 1 1
github.com/korjavin/dutyassistant/internal/scheduler/explain.go:178.126,181.64 3 1
github.com/korjavin/dutyassistant/internal/scheduler/explain.go:181.64,184.5 2 1
github.com/korjavin/dutyassistant/internal/scheduler/explain.go:184.10,186.5 1 1
github.com/korjavin/dutyassistant/internal/scheduler/explain.go:188.4,188.34 1 1
github.com/korjavin/dutyassistant/internal/scheduler/explain.go:188.34,190.5 1 1
github.com/korjavin/dutyassistant/internal/scheduler/explain.go:192.4,192.29 1 1
github.com/korjavin/dutyassistant/internal/scheduler/explain.go:192.29,193.19 1 1
github.com/korjavin/dutyassistant/internal/scheduler/explain.go:193.19,195.6 1 1
github.com/korjavin/dutyassistant/internal/scheduler/explain.go:195.11,197.6 1 0
github.com/korjavin/dutyassistant/internal/scheduler/explain.go:198.10,198.50 1 1
github.com/korjavin/dutyassistant/internal/scheduler/explain.go:198.50,200.5 1 1
github.com/korjavin/dutyassistant/internal/scheduler/explain.go:203.3,203.18 1 1
github.com/korjavin/dutyassistant/internal/scheduler/explain.go:203.18,205.4 1 1
github.com/korjavin/dutyassistant/internal/scheduler/explain.go:208.2,211.52 3 1
github.com/korjavin/dutyassistant/internal/scheduler/scheduler.go:18.45,20.2 1 1
github.com/korjavin/dutyassistant/internal/scheduler/scheduler.go:23.92,24.15 1 1
github.com/korjavin/dutyassistant/internal/scheduler/scheduler.go:24.15,26.3 1 0
github.com/korjavin/dutyassistant/internal/scheduler/scheduler.go:27.2,27.55 1 1
github.com/korjavin/dutyassistant/internal/scheduler/scheduler.go:31.88,32.15 1 1
github.com/korjavin/dutyassistant/internal/scheduler/scheduler.go:32.15,34.3 1 0
github.com/korjavin/dutyassistant/internal/scheduler/scheduler.go:35.2,35.51 1 1
github.com/korjavin/dutyassistant/internal/scheduler/scheduler.go:39.89,40.15 1 1
github.com/korjavin/dutyassistant/internal/scheduler/scheduler.go:40.15,42.3 1 0
github.com/korjavin/dutyassistant/internal/scheduler/scheduler.go:43.2,43.52 1 1
github.com/korjavin/dutyassistant/internal/scheduler/scheduler.go:47.95,49.23 1 1
github.com/korjavin/dutyassistant/internal/scheduler/scheduler.go:49.23,51.3 1 1
github.com/korjavin/dutyassistant/internal/scheduler/scheduler.go:52.2,52.52 1 1
github.com/korjavin/dutyassistant/internal/scheduler/scheduler.go:56.75,58.2 1 1
github.com/korjavin/dutyassistant/internal/scheduler/scheduler.go:62.80,65.16 2 0
github.com/korjavin/dutyassistant/internal/scheduler/scheduler.go:65.16,67.3 1 0
github.com/korjavin/dutyassistant/internal/scheduler/scheduler.go:68.2,68.16 1 0
github.com/korjavin/dutyassistant/internal/scheduler/scheduler.go:68.16,70.3 1 0
github.com/korjavin/dutyassistant/internal/scheduler/scheduler.go:72.2,77.27 4 0
github.com/korjavin/dutyassistant/internal/scheduler/scheduler.go:77.27,79.3 1 0
github.com/korjavin/dutyassistant/internal/scheduler/scheduler.go:81.2,85.39 3 0
github.com/korjavin/dutyassistant/internal/scheduler/scheduler.go:85.39,87.3 1 0
github.com/korjavin/dutyassistant/internal/scheduler/scheduler.go:90.2,91.16 2 0
github.com/korjavin/dutyassistant/internal/scheduler/scheduler.go:91.16,93.3 1 0
github.com/korjavin/dutyassistant/internal/scheduler/scheduler.go:96.2,98.25 2 0
github.com/korjavin/dutyassistant/internal/scheduler/scheduler.go:98.25,102.17 3 0
github.com/korjavin/dutyassistant/internal/scheduler/scheduler.go:102.17,104.4 1 0
github.com/korjavin/dutyassistant/internal/scheduler/scheduler.go:106.3,107.19 2 0
github.com/korjavin/dutyassistant/internal/scheduler/scheduler.go:111.2,112.16 2 0
github.com/korjavin/dutyassistant/internal/scheduler/scheduler.go:112.16,114.3 1 0
github.com/korjavin/dutyassistant/internal/scheduler/scheduler.go:117.2,119.28 2 0
github.com/korjavin/dutyassistant/internal/scheduler/scheduler.go:119.28,123.17 3 0
github.com/korjavin/dutyassistant/internal/scheduler/scheduler.go:123.17,125.4 1 0
github.com/korjavin/dutyassistant/internal/scheduler/scheduler.go:127.3,128.19 2 0
github.com/korjavin/dutyassistant/internal/scheduler/scheduler.go:132.2,133.16 2 0
github.com/korjavin/dutyassistant/internal/scheduler/scheduler.go:133.16,135.3 1 0
github.com/korjavin/dutyassistant/internal/scheduler/scheduler.go:138.2,140.24 2 0
github.com/korjavin/dutyassistant/internal/scheduler/scheduler.go:140.24,142.3 1 0
github.com/korjavin/dutyassistant/internal/scheduler/scheduler.go:145.2,147.16 3 0
github.com/korjavin/dutyassistant/internal/scheduler/scheduler.go:147.16,149.3 1 0
github.com/korjavin/dutyassistant/internal/scheduler/scheduler.go:151.2,151.18 1 0
github.com/korjavin/dutyassistant/internal/scheduler/scheduler.go:155.112,157.16 2 0
github.com/korjavin/dutyassistant/internal/scheduler/scheduler.go:157.16,159.3 1 0
github.com/korjavin/dutyassistant/internal/scheduler/scheduler.go:160.2,161.33 2 0
github.com/korjavin/dutyassistant/internal/scheduler/scheduler.go:161.33,163.3 1 0
github.com/korjavin/dutyassistant/internal/scheduler/scheduler.go:165.2,166.29 2 0
github.com/korjavin/dutyassistant/internal/scheduler/scheduler.go:166.29,167.27 1 0
github.com/korjavin/dutyassistant/internal/scheduler/scheduler.go:167.27,169.4 1 0
github.com/korjavin/dutyassistant/internal/scheduler/scheduler.go:171.2,171.18 1 0
github.com/korjavin/dutyassistant/internal/scheduler/scheduler.go:176.99,177.21 1 0
github.com/korjavin/dutyassistant/internal/scheduler/scheduler.go:177.21,179.3 1 0
github.com/korjavin/dutyassistant/internal/scheduler/scheduler.go:182.2,183.29 2 0
github.com/korjavin/dutyassistant/internal/scheduler/scheduler.go:183.29,185.34 2 0
github.com/korjavin/dutyassistant/internal/scheduler/scheduler.go:185.34,187.4 1 0
github.com/korjavin/dutyassistant/internal/scheduler/scheduler.go:188.3,188.23 1 0
github.com/korjavin/dutyassistant/internal/scheduler/scheduler.go:188.23,190.4 1 0
github.com/korjavin/dutyassistant/internal/scheduler/scheduler.go:194.2,195.29 2 0
github.com/korjavin/dutyassistant/internal/scheduler/scheduler.go:195.29,197.34 2 0
github.com/korjavin/dutyassistant/internal/scheduler/scheduler.go:197.34,199.4 1 0
github.com/korjavin/dutyassistant/internal/scheduler/scheduler.go:200.3,200.24 1 0
github.com/korjavin/dutyassistant/internal/scheduler/scheduler.go:200.24,202.4 1 0
github.com/korjavin/dutyassistant/internal/scheduler/scheduler.go:206.2,206.53 1 0
github.com/korjavin/dutyassistant/internal/scheduler/scheduler.go:211.96,212.21 1 0
github.com/korjavin/dutyassistant/internal/scheduler/scheduler.go:212.21,214.3 1 0
github.com/korjavin/dutyassistant/internal/scheduler/scheduler.go:217.2,217.21 1 0
github.com/korjavin/dutyassistant/internal/scheduler/scheduler.go:217.21,219.3 1 0
github.com/korjavin/dutyassistant/internal/scheduler/scheduler.go:222.2,228.16 5 0
github.com/korjavin/dutyassistant/internal/scheduler/scheduler.go:228.16,231.3 1 0
github.com/korjavin/dutyassistant/internal/scheduler/scheduler.go:234.2,235.30 2 0
github.com/korjavin/dutyassistant/internal/scheduler/scheduler.go:235.30,236.55 1 0
github.com/korjavin/dutyassistant/internal/scheduler/scheduler.go:236.55,238.4 1 0
github.com/korjavin/dutyassistant/internal/scheduler/scheduler.go:242.2,243.29 2 0
github.com/korjavin/dutyassistant/internal/scheduler/scheduler.go:243.29,245.23 2 0
github.com/korjavin/dutyassistant/internal/scheduler/scheduler.go:245.23,247.4 1 0
github.com/korjavin/dutyassistant/internal/scheduler/scheduler.go:251.2,252.29 2 0
github.com/korjavin/dutyassistant/internal/scheduler/scheduler.go:252.29,254.24 2 0
github.com/korjavin/dutyassistant/internal/scheduler/scheduler.go:254.24,256.4 1 0
github.com/korjavin/dutyassistant/internal/scheduler/scheduler.go:260.2,260.30 1 0
github.com/korjavin/dutyassistant/internal/scheduler/scheduler.go:260.30,262.3 1 0
github.com/korjavin/dutyassistant/internal/scheduler/scheduler.go:264.2,264.55 1 0
github.com/korjavin/dutyassistant/internal/scheduler/scheduler.go:268.141,278.16 3 0
github.com/korjavin/dutyassistant/internal/scheduler/scheduler.go:278.16,280.3 1 0
github.com/korjavin/dutyassistant/internal/scheduler/scheduler.go:282.2,282.21 1 0
github.com/korjavin/dutyassistant/internal/scheduler/scheduler.go:286.67,291.2 3 0
github.com/korjavin/dutyassistant/internal/scheduler/scheduler.go:294.111,300.28 4 1
github.com/korjavin/dutyassistant/internal/scheduler/scheduler.go:300.28,302.3 1 1
github.com/korjavin/dutyassistant/internal/scheduler/scheduler.go:304.2,305.39 2 1
github.com/korjavin/dutyassistant/internal/scheduler/scheduler.go:305.39,307.3 1 0
github.com/korjavin/dutyassistant/internal/scheduler/scheduler.go:310.2,312.16 3 1
github.com/korjavin/dutyassistant/internal/scheduler/scheduler.go:312.16,314.3 1 0
github.com/korjavin/dutyassistant/internal/scheduler/scheduler.go:316.2,316.26 1 1
github.com/korjavin/dutyassistant/internal/scheduler/scheduler.go:320.78,322.2 1 0
github.com/korjavin/dutyassistant/internal/scheduler/scheduler.go:325.71,327.2 1 0
github.com/korjavin/dutyassistant/internal/store/sqlite/chores.go:13.82,17.30 3 1
github.com/korjavin/dutyassistant/internal/store/sqlite/chores.go:17.30,19.3 1 1
github.com/korjavin/dutyassistant/internal/store/sqlite/chores.go:21.2,22.30 2 1
github.com/korjavin/dutyassistant/internal/store/sqlite/chores.go:22.30,24.3 1 0
github.com/korjavin/dutyassistant/internal/store/sqlite/chores.go:26.2,27.16 2 1
github.com/korjavin/dutyassistant/internal/store/sqlite/chores.go:27.16,29.3 1 0
github.com/korjavin/dutyassistant/internal/store/sqlite/chores.go:30.2,31.16 2 1
github.com/korjavin/dutyassistant/internal/store/sqlite/chores.go:31.16,33.3 1 0
github.com/korjavin/dutyassistant/internal/store/sqlite/chores.go:34.2,35.12 2 1
github.com/korjavin/dutyassistant/internal/store/sqlite/chores.go:39.106,49.2 3 0
github.com/korjavin/dutyassistant/internal/store/sqlite/chores.go:52.84,62.16 3 1
github.com/korjavin/dutyassistant/internal/store/sqlite/chores.go:62.16,64.3 1 0
github.com/korjavin/dutyassistant/internal/store/sqlite/chores.go:65.2,67.36 2 1
github.com/korjavin/dutyassistant/internal/store/sqlite/chores.go:71.106,81.16 3 1
github.com/korjavin/dutyassistant/internal/store/sqlite/chores.go:81.16,83.3 1 0
github.com/korjavin/dutyassistant/internal/store/sqlite/chores.go:84.2,86.36 2 1
github.com/korjavin/dutyassistant/internal/store/sqlite/chores.go:90.85,101.16 4 0
github.com/korjavin/dutyassistant/internal/store/sqlite/chores.go:101.16,103.3 1 0
github.com/korjavin/dutyassistant/internal/store/sqlite/chores.go:104.2,106.36 2 0
github.com/korjavin/dutyassistant/internal/store/sqlite/chores.go:110.95,113.16 3 0
github.com/korjavin/dutyassistant/internal/store/sqlite/chores.go:113.16,115.3 1 0
github.com/korjavin/dutyassistant/internal/store/sqlite/chores.go:116.2,116.12 1 0
github.com/korjavin/dutyassistant/internal/store/sqlite/chores.go:120.88,123.16 3 1
github.com/korjavin/dutyassistant/internal/store/sqlite/chores.go:123.16,125.3 1 0
github.com/korjavin/dutyassistant/internal/store/sqlite/chores.go:126.2,127.16 2 1
github.com/korjavin/dutyassistant/internal/store/sqlite/chores.go:127.16,129.3 1 0
github.com/korjavin/dutyassistant/internal/store/sqlite/chores.go:130.2,130.23 1 1
github.com/korjavin/dutyassistant/internal/store/sqlite/chores.go:130.23,132.3 1 1
github.com/korjavin/dutyassistant/internal/store/sqlite/chores.go:135.2,143.31 3 1
github.com/korjavin/dutyassistant/internal/store/sqlite/chores.go:147.85,149.2 1 1
github.com/korjavin/dutyassistant/internal/store/sqlite/chores.go:152.103,167.16 4 0
github.com/korjavin/dutyassistant/internal/store/sqlite/chores.go:167.16,169.3 1 0
github.com/korjavin/dutyassistant/internal/store/sqlite/chores.go:170.2,173.18 3 0
github.com/korjavin/dutyassistant/internal/store/sqlite/chores.go:173.18,176.48 3 0
github.com/korjavin/dutyassistant/internal/store/sqlite/chores.go:176.48,178.4 1 0
github.com/korjavin/dutyassistant/internal/store/sqlite/chores.go:179.3,179.75 1 0
github.com/korjavin/dutyassistant/internal/store/sqlite/chores.go:181.2,181.20 1 0
github.com/korjavin/dutyassistant/internal/store/sqlite/chores.go:185.114,196.16 3 0
github.com/korjavin/dutyassistant/internal/store/sqlite/chores.go:196.16,198.3 1 0
github.com/korjavin/dutyassistant/internal/store/sqlite/chores.go:199.2,202.18 3 0
github.com/korjavin/dutyassistant/internal/store/sqlite/chores.go:202.18,205.48 3 0
github.com/korjavin/dutyassistant/internal/store/sqlite/chores.go:205.48,207.4 1 0
github.com/korjavin/dutyassistant/internal/store/sqlite/chores.go:208.3,208.70 1 0
github.com/korjavin/dutyassistant/internal/store/sqlite/chores.go:210.2,210.19 1 0
github.com/korjavin/dutyassistant/internal/store/sqlite/chores.go:214.114,228.16 3 1
github.com/korjavin/dutyassistant/internal/store/sqlite/chores.go:228.16,230.3 1 0
github.com/korjavin/dutyassistant/internal/store/sqlite/chores.go:231.2,234.18 3 1
github.com/korjavin/dutyassistant/internal/store/sqlite/chores.go:234.18,236.113 2 1
github.com/korjavin/dutyassistant/internal/store/sqlite/chores.go:236.113,238.4 1 0
github.com/korjavin/dutyassistant/internal/store/sqlite/chores.go:239.3,239.31 1 1
github.com/korjavin/dutyassistant/internal/store/sqlite/chores.go:241.2,241.19 1 1
github.com/korjavin/dutyassistant/internal/store/sqlite/chores.go:245.60,254.16 5 1
github.com/korjavin/dutyassistant/internal/store/sqlite/chores.go:254.16,255.27 1 0
github.com/korjavin/dutyassistant/internal/store/sqlite/chores.go:255.27,257.4 1 0
github.com/korjavin/dutyassistant/internal/store/sqlite/chores.go:258.3,258.18 1 0
github.com/korjavin/dutyassistant/internal/store/sqlite/chores.go:261.2,263.26 3 1
github.com/korjavin/dutyassistant/internal/store/sqlite/chores.go:263.26,266.3 2 0
github.com/korjavin/dutyassistant/internal/store/sqlite/chores.go:267.2,267.26 1 1
github.com/korjavin/dutyassistant/internal/store/sqlite/chores.go:267.26,270.3 2 1
github.com/korjavin/dutyassistant/internal/store/sqlite/chores.go:271.2,271.19 1 1
github.com/korjavin/dutyassistant/internal/store/sqlite/chores.go:274.68,276.18 2 1
github.com/korjavin/dutyassistant/internal/store/sqlite/chores.go:276.18,285.17 5 1
github.com/korjavin/dutyassistant/internal/store/sqlite/chores.go:285.17,287.4 1 0
github.com/korjavin/dutyassistant/internal/store/sqlite/chores.go:289.3,291.27 3 1
github.com/korjavin/dutyassistant/internal/store/sqlite/chores.go:291.27,294.4 2 0
github.com/korjavin/dutyassistant/internal/store/sqlite/chores.go:295.3,295.27 1 1
github.com/korjavin/dutyassistant/internal/store/sqlite/chores.go:295.27,298.4 2 0
github.com/korjavin/dutyassistant/internal/store/sqlite/chores.go:299.3,299.33 1 1
github.com/korjavin/dutyassistant/internal/store/sqlite/chores.go:301.2,301.20 1 1
github.com/korjavin/dutyassistant/internal/store/sqlite/chores.go:305.83,309.26 4 0
[...]
github.com/korjavin/dutyassistant/internal/telegram/handlers/ratings.go:171.2,174.17 4 1
github.com/korjavin/dutyassistant/internal/telegram/handlers/ratings.go:177.87,185.30 7 1
github.com/korjavin/dutyassistant/internal/telegram/handlers/ratings.go:185.30,186.12 1 1
github.com/korjavin/dutyassistant/internal/telegram/handlers/ratings.go:186.12,188.4 1 1
github.com/korjavin/dutyassistant/internal/telegram/handlers/ratings.go:189.3,189.21 1 1
github.com/korjavin/dutyassistant/internal/telegram/handlers/ratings.go:192.2,192.19 1 1
github.com/korjavin/dutyassistant/internal/telegram/handlers/ratings.go:195.71,197.29 2 1
github.com/korjavin/dutyassistant/internal/telegram/handlers/ratings.go:197.29,199.3 1 1
github.com/korjavin/dutyassistant/internal/telegram/handlers/ratings.go:201.2,202.31 2 1
github.com/korjavin/dutyassistant/internal/telegram/handlers/ratings.go:202.31,204.17 2 1
github.com/korjavin/dutyassistant/internal/telegram/handlers/ratings.go:204.17,206.4 1 0
github.com/korjavin/dutyassistant/internal/telegram/handlers/ratings.go:207.3,207.29 1 1
github.com/korjavin/dutyassistant/internal/telegram/handlers/ratings.go:207.29,209.4 1 1
github.com/korjavin/dutyassistant/internal/telegram/handlers/ratings.go:210.3,210.33 1 1
github.com/korjavin/dutyassistant/internal/telegram/handlers/ratings.go:213.2,213.20 1 1
github.com/korjavin/dutyassistant/internal/telegram/handlers/ratings.go:216.119,224.2 1 1
github.com/korjavin/dutyassistant/internal/telegram/handlers/ratings.go:226.96,232.2 1 1
github.com/korjavin/dutyassistant/internal/telegram/handlers/ratings.go:234.77,236.43 2 1
github.com/korjavin/dutyassistant/internal/telegram/handlers/ratings.go:236.43,238.3 1 1
github.com/korjavin/dutyassistant/internal/telegram/handlers/ratings.go:239.2,239.34 1 1
github.com/korjavin/dutyassistant/internal/telegram/handlers/ratings.go:243.113,245.38 2 1
github.com/korjavin/dutyassistant/internal/telegram/handlers/ratings.go:245.38,247.3 1 1
github.com/korjavin/dutyassistant/internal/telegram/handlers/ratings.go:249.2,253.16 4 1
github.com/korjavin/dutyassistant/internal/telegram/handlers/ratings.go:253.16,255.3 1 0
github.com/korjavin/dutyassistant/internal/telegram/handlers/ratings.go:257.2,258.24 2 1
github.com/korjavin/dutyassistant/internal/telegram/handlers/ratings.go:261.80,263.29 2 1
github.com/korjavin/dutyassistant/internal/telegram/handlers/ratings.go:263.29,264.18 1 1
github.com/korjavin/dutyassistant/internal/telegram/handlers/ratings.go:264.18,265.12 1 0
github.com/korjavin/dutyassistant/internal/telegram/handlers/ratings.go:267.3,267.19 1 1
github.com/korjavin/dutyassistant/internal/telegram/handlers/ratings.go:267.19,268.12 1 0
github.com/korjavin/dutyassistant/internal/telegram/handlers/ratings.go:270.3,270.57 1 1
github.com/korjavin/dutyassistant/internal/telegram/handlers/ratings.go:270.57,271.12 1 1
github.com/korjavin/dutyassistant/internal/telegram/handlers/ratings.go:273.3,273.36 1 1
github.com/korjavin/dutyassistant/internal/telegram/handlers/ratings.go:275.2,275.17 1 1
github.com/korjavin/dutyassistant/internal/telegram/handlers/ratings.go:278.74,280.29 2 1
github.com/korjavin/dutyassistant/internal/telegram/handlers/ratings.go:280.29,281.18 1 1
github.com/korjavin/dutyassistant/internal/telegram/handlers/ratings.go:281.18,282.12 1 0
github.com/korjavin/dutyassistant/internal/telegram/handlers/ratings.go:284.3,287.5 1 1
github.com/korjavin/dutyassistant/internal/telegram/handlers/ratings.go:289.2,289.21 1 1
github.com/korjavin/dutyassistant/internal/telegram/handlers/ratings.go:292.115,295.43 3 1
github.com/korjavin/dutyassistant/internal/telegram/handlers/ratings.go:295.43,296.25 1 1
github.com/korjavin/dutyassistant/internal/telegram/handlers/ratings.go:296.25,297.12 1 0
github.com/korjavin/dutyassistant/internal/telegram/handlers/ratings.go:299.3,300.36 2 1
github.com/korjavin/dutyassistant/internal/telegram/handlers/ratings.go:303.2,304.33 2 1
github.com/korjavin/dutyassistant/internal/telegram/handlers/ratings.go:304.33,305.49 1 1
github.com/korjavin/dutyassistant/internal/telegram/handlers/ratings.go:305.49,306.12 1 0
github.com/korjavin/dutyassistant/internal/telegram/handlers/ratings.go:308.3,308.46 1 1
github.com/korjavin/dutyassistant/internal/telegram/handlers/ratings.go:308.46,309.12 1 1
github.com/korjavin/dutyassistant/internal/telegram/handlers/ratings.go:311.3,315.5 2 1
github.com/korjavin/dutyassistant/internal/telegram/handlers/ratings.go:318.2,319.53 2 1
github.com/korjavin/dutyassistant/internal/telegram/handlers/ratings.go:319.53,320.99 1 1
github.com/korjavin/dutyassistant/internal/telegram/handlers/ratings.go:320.99,322.4 1 1
github.com/korjavin/dutyassistant/internal/telegram/handlers/ratings.go:323.3,323.10 1 0
github.com/korjavin/dutyassistant/internal/telegram/handlers/ratings.go:324.20,325.13 1 0
github.com/korjavin/dutyassistant/internal/telegram/handlers/ratings.go:326.20,327.12 1 0
github.com/korjavin/dutyassistant/internal/telegram/handlers/ratings.go:328.11,329.12 1 0
github.com/korjavin/dutyassistant/internal/telegram/handlers/ratings.go:333.2,333.15 1 1
github.com/korjavin/dutyassistant/internal/telegram/handlers/ratings.go:336.90,338.9 2 1
github.com/korjavin/dutyassistant/internal/telegram/handlers/ratings.go:338.9,340.3 1 1
github.com/korjavin/dutyassistant/internal/telegram/handlers/ratings.go:342.2,343.25 2 1
github.com/korjavin/dutyassistant/internal/telegram/handlers/ratings.go:346.64,348.9 2 1
github.com/korjavin/dutyassistant/internal/telegram/handlers/ratings.go:348.9,350.3 1 1
github.com/korjavin/dutyassistant/internal/telegram/handlers/ratings.go:352.2,353.9 2 1
github.com/korjavin/dutyassistant/internal/telegram/handlers/ratings.go:353.9,355.3 1 0
github.com/korjavin/dutyassistant/internal/telegram/handlers/ratings.go:357.2,357.40 1 1
github.com/korjavin/dutyassistant/internal/telegram/handlers/ratings.go:360.52,362.16 2 1
github.com/korjavin/dutyassistant/internal/telegram/handlers/ratings.go:362.16,364.3 1 0
github.com/korjavin/dutyassistant/internal/telegram/handlers/ratings.go:366.2,367.94 2 1
github.com/korjavin/dutyassistant/internal/telegram/handlers/ratings.go:370.44,373.2 2 1
github.com/korjavin/dutyassistant/internal/telegram/handlers/ratings.go:375.75,377.53 2 1
github.com/korjavin/dutyassistant/internal/telegram/handlers/ratings.go:377.53,379.3 1 1
github.com/korjavin/dutyassistant/internal/telegram/handlers/ratings.go:380.2,380.39 1 1
github.com/korjavin/dutyassistant/internal/telegram/handlers/ratings.go:380.39,382.3 1 1
github.com/korjavin/dutyassistant/internal/telegram/handlers/ratings.go:384.2,385.16 2 1
github.com/korjavin/dutyassistant/internal/telegram/handlers/ratings.go:385.16,387.3 1 0
github.com/korjavin/dutyassistant/internal/telegram/handlers/ratings.go:388.2,390.32 3 1
github.com/korjavin/dutyassistant/internal/telegram/handlers/ratings.go:393.119,406.2 11 1
github.com/korjavin/dutyassistant/internal/telegram/handlers/ratings.go:408.136,413.43 4 1
github.com/korjavin/dutyassistant/internal/telegram/handlers/ratings.go:413.43,414.48 1 1
github.com/korjavin/dutyassistant/internal/telegram/handlers/ratings.go:414.48,416.4 1 1
github.com/korjavin/dutyassistant/internal/telegram/handlers/ratings.go:416.9,418.4 1 0
github.com/korjavin/dutyassistant/internal/telegram/handlers/ratings.go:421.2,422.33 2 1
github.com/korjavin/dutyassistant/internal/telegram/handlers/ratings.go:422.33,423.20 1 1
github.com/korjavin/dutyassistant/internal/telegram/handlers/ratings.go:423.20,424.12 1 0
github.com/korjavin/dutyassistant/internal/telegram/handlers/ratings.go:426.3,427.55 2 1
github.com/korjavin/dutyassistant/internal/telegram/handlers/ratings.go:427.55,429.4 1 1
github.com/korjavin/dutyassistant/internal/telegram/handlers/ratings.go:430.3,430.74 1 1
github.com/korjavin/dutyassistant/internal/telegram/handlers/ratings.go:433.2,433.53 1 1
github.com/korjavin/dutyassistant/internal/telegram/handlers/ratings.go:433.53,435.3 1 1
github.com/korjavin/dutyassistant/internal/telegram/handlers/ratings.go:437.2,439.43 3 1
github.com/korjavin/dutyassistant/internal/telegram/handlers/ratings.go:439.43,441.3 1 1
github.com/korjavin/dutyassistant/internal/telegram/handlers/ratings.go:442.2,445.69 3 1
github.com/korjavin/dutyassistant/internal/telegram/handlers/ratings.go:445.69,449.44 4 1
github.com/korjavin/dutyassistant/internal/telegram/handlers/ratings.go:449.44,451.53 2 1
github.com/korjavin/dutyassistant/internal/telegram/handlers/ratings.go:451.53,453.5 1 1
github.com/korjavin/dutyassistant/internal/telegram/handlers/ratings.go:454.4,454.54 1 1
github.com/korjavin/dutyassistant/internal/telegram/handlers/ratings.go:456.3,456.49 1 1
github.com/korjavin/dutyassistant/internal/telegram/handlers/ratings.go:459.2,459.34 1 1
github.com/korjavin/dutyassistant/internal/telegram/handlers/ratings.go:462.144,468.38 4 1
github.com/korjavin/dutyassistant/internal/telegram/handlers/ratings.go:468.38,470.3 1 1
github.com/korjavin/dutyassistant/internal/telegram/handlers/ratings.go:472.2,473.22 2 1
github.com/korjavin/dutyassistant/internal/telegram/handlers/ratings.go:473.22,475.3 1 0
github.com/korjavin/dutyassistant/internal/telegram/handlers/ratings.go:475.8,476.32 1 1
github.com/korjavin/dutyassistant/internal/telegram/handlers/ratings.go:476.32,478.25 2 1
github.com/korjavin/dutyassistant/internal/telegram/handlers/ratings.go:478.25,480.5 1 1
github.com/korjavin/dutyassistant/internal/telegram/handlers/ratings.go:484.2,484.19 1 1
github.com/korjavin/dutyassistant/internal/telegram/handlers/ratings.go:487.103,493.22 4 1
github.com/korjavin/dutyassistant/internal/telegram/handlers/ratings.go:493.22,496.3 2 0
github.com/korjavin/dutyassistant/internal/telegram/handlers/ratings.go:498.2,500.54 3 1
github.com/korjavin/dutyassistant/internal/telegram/handlers/ratings.go:500.54,502.3 1 1
github.com/korjavin/dutyassistant/internal/telegram/handlers/ratings.go:504.2,505.31 2 1
github.com/korjavin/dutyassistant/internal/telegram/handlers/ratings.go:505.31,507.26 2 1
github.com/korjavin/dutyassistant/internal/telegram/handlers/ratings.go:507.26,509.4 1 1
github.com/korjavin/dutyassistant/internal/telegram/handlers/ratings.go:510.3,510.24 1 1
github.com/korjavin/dutyassistant/internal/telegram/handlers/ratings.go:510.24,512.4 1 1
github.com/korjavin/dutyassistant/internal/telegram/handlers/ratings.go:515.2,515.19 1 1
github.com/korjavin/dutyassistant/internal/telegram/handlers/schedule.go:20.88,24.16 3 1
github.com/korjavin/dutyassistant/internal/telegram/handlers/schedule.go:24.16,26.3 1 0
github.com/korjavin/dutyassistant/internal/telegram/handlers/schedule.go:29.2,30.16 2 1
github.com/korjavin/dutyassistant/internal/telegram/handlers/schedule.go:30.16,33.3 2 0
github.com/korjavin/dutyassistant/internal/telegram/handlers/schedule.go:36.2,37.16 2 1
github.com/korjavin/dutyassistant/internal/telegram/handlers/schedule.go:37.16,39.3 1 0
github.com/korjavin/dutyassistant/internal/telegram/handlers/schedule.go:41.2,42.16 2 1
github.com/korjavin/dutyassistant/internal/telegram/handlers/schedule.go:42.16,44.3 1 0
github.com/korjavin/dutyassistant/internal/telegram/handlers/schedule.go:46.2,51.17 5 1
github.com/korjavin/dutyassistant/internal/telegram/handlers/schedule.go:55.110,57.21 2 1
github.com/korjavin/dutyassistant/internal/telegram/handlers/schedule.go:57.21,59.3 1 0
github.com/korjavin/dutyassistant/internal/telegram/handlers/schedule.go:60.2,63.16 3 1
github.com/korjavin/dutyassistant/internal/telegram/handlers/schedule.go:63.16,65.3 1 0
github.com/korjavin/dutyassistant/internal/telegram/handlers/schedule.go:67.2,68.42 2 1
github.com/korjavin/dutyassistant/internal/telegram/handlers/schedule.go:68.42,70.3 1 1
github.com/korjavin/dutyassistant/internal/telegram/handlers/schedule.go:70.8,70.49 1 1
github.com/korjavin/dutyassistant/internal/telegram/handlers/schedule.go:70.49,72.3 1 1
github.com/korjavin/dutyassistant/internal/telegram/handlers/schedule.go:72.8,74.3 1 0
github.com/korjavin/dutyassistant/internal/telegram/handlers/schedule.go:76.2,77.16 2 1
github.com/korjavin/dutyassistant/internal/telegram/handlers/schedule.go:77.16,81.3 2 0
github.com/korjavin/dutyassistant/internal/telegram/handlers/schedule.go:84.2,85.16 2 1
github.com/korjavin/dutyassistant/internal/telegram/handlers/schedule.go:85.16,88.3 2 0
github.com/korjavin/dutyassistant/internal/telegram/handlers/schedule.go:90.2,99.18 5 1
github.com/korjavin/dutyassistant/internal/telegram/handlers/session.go:34.42,43.2 3 1
github.com/korjavin/dutyassistant/internal/telegram/handlers/session.go:46.93,57.2 3 1
github.com/korjavin/dutyassistant/internal/telegram/handlers/session.go:60.69,66.2 4 1
github.com/korjavin/dutyassistant/internal/telegram/handlers/session.go:69.52,74.2 3 1
github.com/korjavin/dutyassistant/internal/telegram/handlers/session.go:77.54,81.44 3 1
github.com/korjavin/dutyassistant/internal/telegram/handlers/session.go:81.44,83.3 1 1
github.com/korjavin/dutyassistant/internal/telegram/handlers/session.go:87.58,91.2 3 1
github.com/korjavin/dutyassistant/internal/telegram/handlers/session.go:94.59,99.2 4 1
github.com/korjavin/dutyassistant/internal/telegram/handlers/session.go:102.42,106.21 3 1
github.com/korjavin/dutyassistant/internal/telegram/handlers/session.go:106.21,108.3 1 0
github.com/korjavin/dutyassistant/internal/telegram/handlers/session.go:112.64,114.2 1 1
github.com/korjavin/dutyassistant/internal/telegram/handlers/session.go:116.81,119.43 3 1
github.com/korjavin/dutyassistant/internal/telegram/handlers/session.go:119.43,120.46 1 1
github.com/korjavin/dutyassistant/internal/telegram/handlers/session.go:120.46,122.4 1 1
github.com/korjavin/dutyassistant/internal/telegram/handlers/session.go:126.84,127.20 1 1
github.com/korjavin/dutyassistant/internal/telegram/handlers/session.go:127.20,129.3 1 0
github.com/korjavin/dutyassistant/internal/telegram/handlers/session.go:131.2,131.45 1 1
github.com/korjavin/dutyassistant/internal/telegram/handlers/session.go:131.45,133.9 2 1
github.com/korjavin/dutyassistant/internal/telegram/handlers/session.go:133.9,135.4 1 1
github.com/korjavin/dutyassistant/internal/telegram/handlers/session.go:138.2,138.47 1 1
github.com/korjavin/dutyassistant/internal/telegram/handlers/volunteer.go:18.89,22.35 2 1
github.com/korjavin/dutyassistant/internal/telegram/handlers/volunteer.go:22.35,25.36 3 1
github.com/korjavin/dutyassistant/internal/telegram/handlers/volunteer.go:25.36,30.32 2 1
github.com/korjavin/dutyassistant/internal/telegram/handlers/volunteer.go:30.32,33.5 2 1
github.com/korjavin/dutyassistant/internal/telegram/handlers/volunteer.go:36.3,44.18 6 1
github.com/korjavin/dutyassistant/internal/telegram/handlers/volunteer.go:47.2,49.29 3 0
github.com/korjavin/dutyassistant/internal/telegram/handlers/volunteer.go:49.29,56.3 3 0
github.com/korjavin/dutyassistant/internal/telegram/handlers/volunteer.go:58.2,59.31 2 0
github.com/korjavin/dutyassistant/internal/telegram/handlers/volunteer.go:59.31,61.3 1 0
github.com/korjavin/dutyassistant/internal/telegram/handlers/volunteer.go:63.2,64.16 2 0
github.com/korjavin/dutyassistant/internal/telegram/handlers/volunteer.go:64.16,66.3 1 0
github.com/korjavin/dutyassistant/internal/telegram/handlers/volunteer.go:68.2,68.95 1 0
github.com/korjavin/dutyassistant/internal/telegram/handlers/volunteer.go:72.115,74.21 2 1
github.com/korjavin/dutyassistant/internal/telegram/handlers/volunteer.go:74.21,76.3 1 0
github.com/korjavin/dutyassistant/internal/telegram/handlers/volunteer.go:78.2,82.31 4 1
github.com/korjavin/dutyassistant/internal/telegram/handlers/volunteer.go:82.31,85.3 2 1
github.com/korjavin/dutyassistant/internal/telegram/handlers/volunteer.go:87.2,88.16 2 1
github.com/korjavin/dutyassistant/internal/telegram/handlers/volunteer.go:88.16,95.3 2 1
github.com/korjavin/dutyassistant/internal/telegram/handlers/volunteer.go:97.2,102.18 2 1
github.com/korjavin/dutyassistant/internal/telegram/handlers/volunteer.go:106.117,114.2 3 0
github.com/korjavin/dutyassistant/internal/llm/openai.go:27.104,28.18 1 1
github.com/korjavin/dutyassistant/internal/llm/openai.go:28.18,30.3 1 1
github.com/korjavin/dutyassistant/internal/llm/openai.go:31.2,31.19 1 1
github.com/korjavin/dutyassistant/internal/llm/openai.go:31.19,33.3 1 1
github.com/korjavin/dutyassistant/internal/llm/openai.go:34.2,34.17 1 1
github.com/korjavin/dutyassistant/internal/llm/openai.go:34.17,36.3 1 1
github.com/korjavin/dutyassistant/internal/llm/openai.go:38.2,39.24 2 1
github.com/korjavin/dutyassistant/internal/llm/openai.go:39.24,41.3 1 1
github.com/korjavin/dutyassistant/internal/llm/openai.go:43.2,52.3 2 1
github.com/korjavin/dutyassistant/internal/llm/openai.go:56.53,57.14 1 0
github.com/korjavin/dutyassistant/internal/llm/openai.go:57.14,59.3 1 0
github.com/korjavin/dutyassistant/internal/llm/openai.go:60.2,60.42 1 0
github.com/korjavin/dutyassistant/internal/llm/openai.go:87.48,94.34 3 1
github.com/korjavin/dutyassistant/internal/llm/openai.go:94.34,96.3 1 1
github.com/korjavin/dutyassistant/internal/llm/openai.go:98.2,113.29 11 1
github.com/korjavin/dutyassistant/internal/llm/openai.go:113.29,121.20 5 1
github.com/korjavin/dutyassistant/internal/llm/openai.go:121.20,123.4 1 1
github.com/korjavin/dutyassistant/internal/llm/openai.go:126.2,126.24 1 1
github.com/korjavin/dutyassistant/internal/llm/openai.go:131.87,132.14 1 1
github.com/korjavin/dutyassistant/internal/llm/openai.go:132.14,134.3 1 1
github.com/korjavin/dutyassistant/internal/llm/openai.go:136.2,148.16 4 1
github.com/korjavin/dutyassistant/internal/llm/openai.go:148.16,151.3 2 0
github.com/korjavin/dutyassistant/internal/llm/openai.go:153.2,154.16 2 1
github.com/korjavin/dutyassistant/internal/llm/openai.go:154.16,157.3 2 0
github.com/korjavin/dutyassistant/internal/llm/openai.go:159.2,163.16 4 1
github.com/korjavin/dutyassistant/internal/llm/openai.go:163.16,166.3 2 1
github.com/korjavin/dutyassistant/internal/llm/openai.go:167.2,169.38 2 1
github.com/korjavin/dutyassistant/internal/llm/openai.go:169.38,173.25 3 1
github.com/korjavin/dutyassistant/internal/llm/openai.go:173.25,175.4 1 0
github.com/korjavin/dutyassistant/internal/llm/openai.go:176.3,178.19 3 1
github.com/korjavin/dutyassistant/internal/llm/openai.go:181.2,182.69 2 1
github.com/korjavin/dutyassistant/internal/llm/openai.go:182.69,185.3 2 0
github.com/korjavin/dutyassistant/internal/llm/openai.go:187.2,187.32 1 1
github.com/korjavin/dutyassistant/internal/llm/openai.go:187.32,191.3 3 0
github.com/korjavin/dutyassistant/internal/llm/openai.go:193.2,194.22 2 1
github.com/korjavin/dutyassistant/internal/llm/openai.go:194.22,196.3 1 0
github.com/korjavin/dutyassistant/internal/llm/openai.go:198.2,198.24 1 1
github.com/korjavin/dutyassistant/internal/llm/openai.go:204.84,205.14 1 1
github.com/korjavin/dutyassistant/internal/llm/openai.go:205.14,207.3 1 1
github.com/korjavin/dutyassistant/internal/llm/openai.go:209.2,226.16 5 1
github.com/korjavin/dutyassistant/internal/llm/openai.go:226.16,229.3 2 0
github.com/korjavin/dutyassistant/internal/llm/openai.go:231.2,232.16 2 1
github.com/korjavin/dutyassistant/internal/llm/openai.go:232.16,235.3 2 0
github.com/korjavin/dutyassistant/internal/llm/openai.go:237.2,241.16 4 1
github.com/korjavin/dutyassistant/internal/llm/openai.go:241.16,244.3 2 1
github.com/korjavin/dutyassistant/internal/llm/openai.go:245.2,247.38 2 1
github.com/korjavin/dutyassistant/internal/llm/openai.go:247.38,251.3 3 1
github.com/korjavin/dutyassistant/internal/llm/openai.go:253.2,254.69 2 1
github.com/korjavin/dutyassistant/internal/llm/openai.go:254.69,257.3 2 0
github.com/korjavin/dutyassistant/internal/llm/openai.go:259.2,259.32 1 1
github.com/korjavin/dutyassistant/internal/llm/openai.go:259.32,262.3 2 0
github.com/korjavin/dutyassistant/internal/llm/openai.go:264.2,265.19 2 1
github.com/korjavin/dutyassistant/internal/llm/openai.go:265.19,267.3 1 0
github.com/korjavin/dutyassistant/internal/llm/openai.go:269.2,269.38 1 1
